=== Heap Fragmentation Log ===
Timestamp: 1208693 ms
Current Heap: free=75516, largestBlock=24564 (32.5%), freeBlocks=21
Baseline: largestBlock=233460 (set 1207570 ms ago)
Degradation: 208896 bytes (89.5% loss from baseline)

=== Recent Operations (last 100) ===
[ 1201352] WebClientModule | WebClient::accessResource      | heap= 74964, largest= 32756 (43.7%)
[ 1201352] WebClientModule | WebClient::accessResource      | heap= 75448, largest= 32756 (43.4%)
[ 1201352] WebClientModule | WebClient::accessResource      | heap= 75432, largest= 32756 (43.4%)
[ 1201353] SofaScoreLiveMo | SofaScore::queueData           | heap= 75496, largest= 32756 (43.4%)
[ 1201353] WebClientModule | WebClient::accessResource      | heap= 75416, largest= 32756 (43.4%)
[ 1201353] WebClientModule | WebClient::accessResource      | heap= 75320, largest= 32756 (43.5%)
[ 1201354] WebClientModule | WebClient::accessResource      | heap= 76256, largest= 32756 (43.0%)
[ 1201355] WebClientModule | WebClient::accessResource      | heap= 75660, largest= 32756 (43.3%)
[ 1201356] TankerkoenigMod | Tankerkoenig::processData      | heap= 76336, largest= 32756 (42.9%)
[ 1201356] SofaScoreLiveMo | SofaScore::processData         | heap= 76336, largest= 32756 (42.9%)
[ 1202270] TankerkoenigMod | Tankerkoenig::queueData        | heap= 73892, largest= 29684 (40.2%)
[ 1202270] WebClientModule | WebClient::accessResource      | heap= 75768, largest= 32756 (43.2%)
[ 1202270] WebClientModule | WebClient::accessResource      | heap= 76252, largest= 32756 (43.0%)
[ 1202271] WebClientModule | WebClient::accessResource      | heap= 76236, largest= 32756 (43.0%)
[ 1202271] SofaScoreLiveMo | SofaScore::queueData           | heap= 76300, largest= 32756 (42.9%)
[ 1202271] WebClientModule | WebClient::accessResource      | heap= 76220, largest= 32756 (43.0%)
[ 1202271] WebClientModule | WebClient::accessResource      | heap= 76120, largest= 32756 (43.0%)
[ 1202273] WebClientModule | WebClient::accessResource      | heap= 76220, largest= 32756 (43.0%)
[ 1202273] WebClientModule | WebClient::accessResource      | heap= 75624, largest= 32756 (43.3%)
[ 1202274] TankerkoenigMod | Tankerkoenig::processData      | heap= 76300, largest= 32756 (42.9%)
[ 1202275] SofaScoreLiveMo | SofaScore::processData         | heap= 76300, largest= 32756 (42.9%)
[ 1205832] TankerkoenigMod | Tankerkoenig::queueData        | heap= 31504, largest=  7924 (25.2%)
[ 1205832] WebClientModule | WebClient::accessResource      | heap= 30972, largest=  7924 (25.6%)
[ 1205832] WebClientModule | WebClient::accessResource      | heap= 31456, largest=  7924 (25.2%)
[ 1205833] WebClientModule | WebClient::accessResource      | heap= 31440, largest=  7924 (25.2%)
[ 1205833] SofaScoreLiveMo | SofaScore::queueData           | heap= 31504, largest=  7924 (25.2%)
[ 1205833] WebClientModule | WebClient::accessResource      | heap= 31424, largest=  7924 (25.2%)
[ 1205834] WebClientModule | WebClient::accessResource      | heap= 31320, largest=  7924 (25.3%)
[ 1205834] WebClientModule | WebClient::accessResource      | heap= 31424, largest=  7924 (25.2%)
[ 1205835] WebClientModule | WebClient::accessResource      | heap= 30828, largest=  7924 (25.7%)
[ 1205836] TankerkoenigMod | Tankerkoenig::processData      | heap= 31504, largest=  7924 (25.2%)
[ 1205837] SofaScoreLiveMo | SofaScore::processData         | heap= 31504, largest=  7924 (25.2%)
[ 1207205] TankerkoenigMod | Tankerkoenig::queueData        | heap= 32024, largest=  7924 (24.7%)
[ 1207205] WebClientModule | WebClient::accessResource      | heap= 31492, largest=  7924 (25.2%)
[ 1207206] WebClientModule | WebClient::accessResource      | heap= 31976, largest=  7924 (24.8%)
[ 1207206] WebClientModule | WebClient::accessResource      | heap= 31960, largest=  7924 (24.8%)
[ 1207206] SofaScoreLiveMo | SofaScore::queueData           | heap= 32024, largest=  7924 (24.7%)
[ 1207206] WebClientModule | WebClient::accessResource      | heap= 31944, largest=  7924 (24.8%)
[ 1207220] WebClientModule | WebClient::accessResource      | heap= 32516, largest=  7924 (24.4%)
[ 1207220] WebClientModule | WebClient::accessResource      | heap= 32620, largest=  7924 (24.3%)
[ 1207221] WebClientModule | WebClient::accessResource      | heap= 32024, largest=  7924 (24.7%)
[ 1207222] TankerkoenigMod | Tankerkoenig::processData      | heap= 32700, largest=  7924 (24.2%)
[ 1207223] SofaScoreLiveMo | SofaScore::processData         | heap= 32700, largest=  7924 (24.2%)
[ 1207265] SofaScoreLiveMo | SofaScore::updateStats         | heap= 76468, largest= 24564 (32.1%)
[ 1207265] WebClientModule | WebClient::accessResource      | heap= 76388, largest= 24564 (32.2%)
[ 1208044] TankerkoenigMod | Tankerkoenig::queueData        | heap= 76516, largest= 24564 (32.1%)
[ 1208044] WebClientModule | WebClient::accessResource      | heap= 75984, largest= 24564 (32.3%)
[ 1208045] WebClientModule | WebClient::accessResource      | heap= 76468, largest= 24564 (32.1%)
[ 1208045] WebClientModule | WebClient::accessResource      | heap= 76452, largest= 24564 (32.1%)
[ 1208045] SofaScoreLiveMo | SofaScore::queueData           | heap= 76516, largest= 24564 (32.1%)
[ 1208045] WebClientModule | WebClient::accessResource      | heap= 76436, largest= 24564 (32.1%)
[ 1208046] WebClientModule | WebClient::accessResource      | heap= 76332, largest= 24564 (32.2%)
[ 1208046] WebClientModule | WebClient::accessResource      | heap= 76436, largest= 24564 (32.1%)
[ 1208047] WebClientModule | WebClient::accessResource      | heap= 75840, largest= 24564 (32.4%)
[ 1208048] TankerkoenigMod | Tankerkoenig::processData      | heap= 76516, largest= 24564 (32.1%)
[ 1208048] SofaScoreLiveMo | SofaScore::processData         | heap= 76516, largest= 24564 (32.1%)
[ 1208059] TankerkoenigMod | Tankerkoenig::queueData        | heap= 76516, largest= 24564 (32.1%)
[ 1208060] WebClientModule | WebClient::accessResource      | heap= 75984, largest= 24564 (32.3%)
[ 1208060] WebClientModule | WebClient::accessResource      | heap= 76468, largest= 24564 (32.1%)
[ 1208060] WebClientModule | WebClient::accessResource      | heap= 76452, largest= 24564 (32.1%)
[ 1208060] SofaScoreLiveMo | SofaScore::queueData           | heap= 76516, largest= 24564 (32.1%)
[ 1208061] WebClientModule | WebClient::accessResource      | heap= 76436, largest= 24564 (32.1%)
[ 1208061] WebClientModule | WebClient::accessResource      | heap= 76332, largest= 24564 (32.2%)
[ 1208061] WebClientModule | WebClient::accessResource      | heap= 76436, largest= 24564 (32.1%)
[ 1208062] WebClientModule | WebClient::accessResource      | heap= 75840, largest= 24564 (32.4%)
[ 1208063] TankerkoenigMod | Tankerkoenig::processData      | heap= 76516, largest= 24564 (32.1%)
[ 1208063] SofaScoreLiveMo | SofaScore::processData         | heap= 76516, largest= 24564 (32.1%)
[ 1208074] TankerkoenigMod | Tankerkoenig::queueData        | heap= 76516, largest= 24564 (32.1%)
[ 1208075] WebClientModule | WebClient::accessResource      | heap= 75984, largest= 24564 (32.3%)
[ 1208075] WebClientModule | WebClient::accessResource      | heap= 76468, largest= 24564 (32.1%)
[ 1208075] WebClientModule | WebClient::accessResource      | heap= 76452, largest= 24564 (32.1%)
[ 1208075] SofaScoreLiveMo | SofaScore::queueData           | heap= 76516, largest= 24564 (32.1%)
[ 1208076] WebClientModule | WebClient::accessResource      | heap= 76436, largest= 24564 (32.1%)
[ 1208076] WebClientModule | WebClient::accessResource      | heap= 76332, largest= 24564 (32.2%)
[ 1208076] WebClientModule | WebClient::accessResource      | heap= 76436, largest= 24564 (32.1%)
[ 1208077] WebClientModule | WebClient::accessResource      | heap= 75840, largest= 24564 (32.4%)
[ 1208078] TankerkoenigMod | Tankerkoenig::processData      | heap= 76516, largest= 24564 (32.1%)
[ 1208078] SofaScoreLiveMo | SofaScore::processData         | heap= 76516, largest= 24564 (32.1%)
[ 1208089] TankerkoenigMod | Tankerkoenig::queueData        | heap= 76516, largest= 24564 (32.1%)
[ 1208090] WebClientModule | WebClient::accessResource      | heap= 75984, largest= 24564 (32.3%)
[ 1208090] WebClientModule | WebClient::accessResource      | heap= 76468, largest= 24564 (32.1%)
[ 1208090] WebClientModule | WebClient::accessResource      | heap= 76452, largest= 24564 (32.1%)
[ 1208090] SofaScoreLiveMo | SofaScore::queueData           | heap= 76516, largest= 24564 (32.1%)
[ 1208091] WebClientModule | WebClient::accessResource      | heap= 76436, largest= 24564 (32.1%)
[ 1208091] WebClientModule | WebClient::accessResource      | heap= 76332, largest= 24564 (32.2%)
[ 1208091] WebClientModule | WebClient::accessResource      | heap= 76436, largest= 24564 (32.1%)
[ 1208092] WebClientModule | WebClient::accessResource      | heap= 75840, largest= 24564 (32.4%)
[ 1208094] TankerkoenigMod | Tankerkoenig::processData      | heap= 76468, largest= 24564 (32.1%)
[ 1208094] SofaScoreLiveMo | SofaScore::processData         | heap= 76468, largest= 24564 (32.1%)
[ 1208104] TankerkoenigMod | Tankerkoenig::queueData        | heap= 76468, largest= 24564 (32.1%)
[ 1208105] WebClientModule | WebClient::accessResource      | heap= 75936, largest= 24564 (32.3%)
[ 1208105] WebClientModule | WebClient::accessResource      | heap= 76420, largest= 24564 (32.1%)
[ 1208105] WebClientModule | WebClient::accessResource      | heap= 76404, largest= 24564 (32.2%)
[ 1208105] SofaScoreLiveMo | SofaScore::queueData           | heap= 76468, largest= 24564 (32.1%)
[ 1208106] WebClientModule | WebClient::accessResource      | heap= 76388, largest= 24564 (32.2%)
[ 1208106] WebClientModule | WebClient::accessResource      | heap= 76284, largest= 24564 (32.2%)
[ 1208106] WebClientModule | WebClient::accessResource      | heap= 76388, largest= 24564 (32.2%)
[ 1208107] WebClientModule | WebClient::accessResource      | heap= 75792, largest= 24564 (32.4%)
[ 1208108] TankerkoenigMod | Tankerkoenig::processData      | heap= 76516, largest= 24564 (32.1%)
[ 1208109] SofaScoreLiveMo | SofaScore::processData         | heap= 76516, largest= 24564 (32.1%)
