=== Heap Fragmentation Log ===
Date/Time: 2026-01-17 12:04:12
Timestamp: 27497 ms
Current Heap: free=77920, largestBlock=35828 (46.0%), freeBlocks=13
Baseline: largestBlock=233460 (set 26391 ms ago)
Degradation: 197632 bytes (84.7% loss from baseline)

=== Recent Operations (last 300) ===
[   26728] ThemeParkModule:304  | ThemeParkModule::processData   | heap= 78984, largest= 35828 (45.4%)
[   26771] TankerkoenigMod:222  | Tankerkoenig::queueData        | heap= 78936, largest= 35828 (45.4%)
[   26772] WebClientModule:346  | WebClient::accessResource      | heap= 78404, largest= 35828 (45.7%)
[   26773] DartsRankingMod:411  | DartsRankingModule::queueData  | heap= 78936, largest= 35828 (45.4%)
[   26773] WebClientModule:346  | WebClient::accessResource      | heap= 78888, largest= 35828 (45.4%)
[   26773] WebClientModule:346  | WebClient::accessResource      | heap= 78872, largest= 35828 (45.4%)
[   26773] SofaScoreLiveMo:646  | SofaScore::queueData           | heap= 78936, largest= 35828 (45.4%)
[   26774] WebClientModule:346  | WebClient::accessResource      | heap= 78856, largest= 35828 (45.4%)
[   26775] WebClientModule:346  | WebClient::accessResource      | heap= 78840, largest= 35828 (45.4%)
[   26775] CalendarModule.:94   | CalendarModule::queueData      | heap= 78936, largest= 35828 (45.4%)
[   26775] WebClientModule:346  | WebClient::accessResource      | heap= 78760, largest= 35828 (45.5%)
[   26776] CuriousHolidays:315  | CuriousHolidaysModule::queueDat | heap= 78936, largest= 35828 (45.4%)
[   26776] WebClientModule:346  | WebClient::accessResource      | heap= 78856, largest= 35828 (45.4%)
[   26776] WeatherModule.c:138  | WeatherModule::queueData       | heap= 78936, largest= 35828 (45.4%)
[   26777] WebClientModule:346  | WebClient::accessResource      | heap= 78260, largest= 35828 (45.8%)
[   26777] WebClientModule:346  | WebClient::accessResource      | heap= 78744, largest= 35828 (45.5%)
[   26777] ThemeParkModule:154  | ThemeParkModule::queueData     | heap= 78936, largest= 35828 (45.4%)
[   26778] TankerkoenigMod:240  | Tankerkoenig::processData      | heap= 78936, largest= 35828 (45.4%)
[   26779] DartsRankingMod:448  | DartsRankingModule::processData | heap= 78936, largest= 35828 (45.4%)
[   26779] SofaScoreLiveMo:821  | SofaScore::processData         | heap= 78936, largest= 35828 (45.4%)
[   26779] CalendarModule.:112  | CalendarModule::processData    | heap= 78936, largest= 35828 (45.4%)
[   26780] CuriousHolidays:368  | CuriousHolidaysModule::processD | heap= 78984, largest= 35828 (45.4%)
[   26780] WeatherModule.c:204  | WeatherModule::processData     | heap= 78984, largest= 35828 (45.4%)
[   26780] ThemeParkModule:304  | ThemeParkModule::processData   | heap= 78984, largest= 35828 (45.4%)
[   26822] TankerkoenigMod:222  | Tankerkoenig::queueData        | heap= 78984, largest= 35828 (45.4%)
[   26823] WebClientModule:346  | WebClient::accessResource      | heap= 78452, largest= 35828 (45.7%)
[   26823] DartsRankingMod:411  | DartsRankingModule::queueData  | heap= 78984, largest= 35828 (45.4%)
[   26823] WebClientModule:346  | WebClient::accessResource      | heap= 78936, largest= 35828 (45.4%)
[   26823] WebClientModule:346  | WebClient::accessResource      | heap= 78920, largest= 35828 (45.4%)
[   26824] SofaScoreLiveMo:646  | SofaScore::queueData           | heap= 78984, largest= 35828 (45.4%)
[   26824] WebClientModule:346  | WebClient::accessResource      | heap= 78904, largest= 35828 (45.4%)
[   26825] WebClientModule:346  | WebClient::accessResource      | heap= 78888, largest= 35828 (45.4%)
[   26825] CalendarModule.:94   | CalendarModule::queueData      | heap= 78984, largest= 35828 (45.4%)
[   26825] WebClientModule:346  | WebClient::accessResource      | heap= 78808, largest= 35828 (45.5%)
[   26825] CuriousHolidays:315  | CuriousHolidaysModule::queueDat | heap= 78984, largest= 35828 (45.4%)
[   26826] WebClientModule:346  | WebClient::accessResource      | heap= 78904, largest= 35828 (45.4%)
[   26826] WeatherModule.c:138  | WeatherModule::queueData       | heap= 78984, largest= 35828 (45.4%)
[   26826] WebClientModule:346  | WebClient::accessResource      | heap= 78308, largest= 35828 (45.8%)
[   26827] WebClientModule:346  | WebClient::accessResource      | heap= 78792, largest= 35828 (45.5%)
[   26827] ThemeParkModule:154  | ThemeParkModule::queueData     | heap= 78984, largest= 35828 (45.4%)
[   26828] TankerkoenigMod:240  | Tankerkoenig::processData      | heap= 78984, largest= 35828 (45.4%)
[   26828] DartsRankingMod:448  | DartsRankingModule::processData | heap= 78984, largest= 35828 (45.4%)
[   26829] SofaScoreLiveMo:821  | SofaScore::processData         | heap= 78984, largest= 35828 (45.4%)
[   26829] CalendarModule.:112  | CalendarModule::processData    | heap= 78984, largest= 35828 (45.4%)
[   26829] CuriousHolidays:368  | CuriousHolidaysModule::processD | heap= 78984, largest= 35828 (45.4%)
[   26829] WeatherModule.c:204  | WeatherModule::processData     | heap= 78984, largest= 35828 (45.4%)
[   26829] ThemeParkModule:304  | ThemeParkModule::processData   | heap= 78984, largest= 35828 (45.4%)
[   26872] TankerkoenigMod:222  | Tankerkoenig::queueData        | heap= 78936, largest= 35828 (45.4%)
[   26873] WebClientModule:346  | WebClient::accessResource      | heap= 78404, largest= 35828 (45.7%)
[   26873] DartsRankingMod:411  | DartsRankingModule::queueData  | heap= 78936, largest= 35828 (45.4%)
[   26873] WebClientModule:346  | WebClient::accessResource      | heap= 78888, largest= 35828 (45.4%)
[   26873] WebClientModule:346  | WebClient::accessResource      | heap= 78872, largest= 35828 (45.4%)
[   26874] SofaScoreLiveMo:646  | SofaScore::queueData           | heap= 78936, largest= 35828 (45.4%)
[   26874] WebClientModule:346  | WebClient::accessResource      | heap= 78856, largest= 35828 (45.4%)
[   26875] WebClientModule:346  | WebClient::accessResource      | heap= 78888, largest= 35828 (45.4%)
[   26875] CalendarModule.:94   | CalendarModule::queueData      | heap= 78984, largest= 35828 (45.4%)
[   26875] WebClientModule:346  | WebClient::accessResource      | heap= 78808, largest= 35828 (45.5%)
[   26875] CuriousHolidays:315  | CuriousHolidaysModule::queueDat | heap= 78984, largest= 35828 (45.4%)
[   26876] WebClientModule:346  | WebClient::accessResource      | heap= 78904, largest= 35828 (45.4%)
[   26876] WeatherModule.c:138  | WeatherModule::queueData       | heap= 78984, largest= 35828 (45.4%)
[   26876] WebClientModule:346  | WebClient::accessResource      | heap= 78308, largest= 35828 (45.8%)
[   26877] WebClientModule:346  | WebClient::accessResource      | heap= 78792, largest= 35828 (45.5%)
[   26877] ThemeParkModule:154  | ThemeParkModule::queueData     | heap= 78984, largest= 35828 (45.4%)
[   26878] TankerkoenigMod:240  | Tankerkoenig::processData      | heap= 78984, largest= 35828 (45.4%)
[   26879] DartsRankingMod:448  | DartsRankingModule::processData | heap= 78984, largest= 35828 (45.4%)
[   26879] SofaScoreLiveMo:821  | SofaScore::processData         | heap= 78984, largest= 35828 (45.4%)
[   26879] CalendarModule.:112  | CalendarModule::processData    | heap= 78984, largest= 35828 (45.4%)
[   26879] CuriousHolidays:368  | CuriousHolidaysModule::processD | heap= 78984, largest= 35828 (45.4%)
[   26879] WeatherModule.c:204  | WeatherModule::processData     | heap= 78984, largest= 35828 (45.4%)
[   26880] ThemeParkModule:304  | ThemeParkModule::processData   | heap= 78984, largest= 35828 (45.4%)
[   26922] TankerkoenigMod:222  | Tankerkoenig::queueData        | heap= 78984, largest= 35828 (45.4%)
[   26923] WebClientModule:346  | WebClient::accessResource      | heap= 78452, largest= 35828 (45.7%)
[   26923] DartsRankingMod:411  | DartsRankingModule::queueData  | heap= 78984, largest= 35828 (45.4%)
[   26923] WebClientModule:346  | WebClient::accessResource      | heap= 78936, largest= 35828 (45.4%)
[   26923] WebClientModule:346  | WebClient::accessResource      | heap= 78920, largest= 35828 (45.4%)
[   26924] SofaScoreLiveMo:646  | SofaScore::queueData           | heap= 78984, largest= 35828 (45.4%)
[   26924] WebClientModule:346  | WebClient::accessResource      | heap= 78904, largest= 35828 (45.4%)
[   26925] WebClientModule:346  | WebClient::accessResource      | heap= 78888, largest= 35828 (45.4%)
[   26925] CalendarModule.:94   | CalendarModule::queueData      | heap= 78984, largest= 35828 (45.4%)
[   26925] WebClientModule:346  | WebClient::accessResource      | heap= 78808, largest= 35828 (45.5%)
[   26925] CuriousHolidays:315  | CuriousHolidaysModule::queueDat | heap= 78984, largest= 35828 (45.4%)
[   26926] WebClientModule:346  | WebClient::accessResource      | heap= 78904, largest= 35828 (45.4%)
[   26926] WeatherModule.c:138  | WeatherModule::queueData       | heap= 78984, largest= 35828 (45.4%)
[   26926] WebClientModule:346  | WebClient::accessResource      | heap= 78308, largest= 35828 (45.8%)
[   26927] WebClientModule:346  | WebClient::accessResource      | heap= 78792, largest= 35828 (45.5%)
[   26927] ThemeParkModule:154  | ThemeParkModule::queueData     | heap= 78984, largest= 35828 (45.4%)
[   26928] TankerkoenigMod:240  | Tankerkoenig::processData      | heap= 78984, largest= 35828 (45.4%)
[   26928] DartsRankingMod:448  | DartsRankingModule::processData | heap= 78984, largest= 35828 (45.4%)
[   26929] SofaScoreLiveMo:821  | SofaScore::processData         | heap= 78984, largest= 35828 (45.4%)
[   26929] CalendarModule.:112  | CalendarModule::processData    | heap= 78984, largest= 35828 (45.4%)
[   26929] CuriousHolidays:368  | CuriousHolidaysModule::processD | heap= 78984, largest= 35828 (45.4%)
[   26929] WeatherModule.c:204  | WeatherModule::processData     | heap= 78984, largest= 35828 (45.4%)
[   26929] ThemeParkModule:304  | ThemeParkModule::processData   | heap= 78984, largest= 35828 (45.4%)
[   26972] TankerkoenigMod:222  | Tankerkoenig::queueData        | heap= 78984, largest= 35828 (45.4%)
[   26973] WebClientModule:346  | WebClient::accessResource      | heap= 78452, largest= 35828 (45.7%)
[   26973] DartsRankingMod:411  | DartsRankingModule::queueData  | heap= 78936, largest= 35828 (45.4%)
[   26974] WebClientModule:346  | WebClient::accessResource      | heap= 78888, largest= 35828 (45.4%)
[   26974] WebClientModule:346  | WebClient::accessResource      | heap= 78872, largest= 35828 (45.4%)
[   26974] SofaScoreLiveMo:646  | SofaScore::queueData           | heap= 78936, largest= 35828 (45.4%)
[   26974] WebClientModule:346  | WebClient::accessResource      | heap= 78856, largest= 35828 (45.4%)
[   26975] WebClientModule:346  | WebClient::accessResource      | heap= 78840, largest= 35828 (45.4%)
[   26975] CalendarModule.:94   | CalendarModule::queueData      | heap= 78936, largest= 35828 (45.4%)
[   26976] WebClientModule:346  | WebClient::accessResource      | heap= 78760, largest= 35828 (45.5%)
[   26976] CuriousHolidays:315  | CuriousHolidaysModule::queueDat | heap= 78936, largest= 35828 (45.4%)
[   26976] WebClientModule:346  | WebClient::accessResource      | heap= 78856, largest= 35828 (45.4%)
[   26976] WeatherModule.c:138  | WeatherModule::queueData       | heap= 78936, largest= 35828 (45.4%)
[   26978] WebClientModule:346  | WebClient::accessResource      | heap= 78260, largest= 35828 (45.8%)
[   26978] WebClientModule:346  | WebClient::accessResource      | heap= 78744, largest= 35828 (45.5%)
[   26978] ThemeParkModule:154  | ThemeParkModule::queueData     | heap= 78936, largest= 35828 (45.4%)
[   26980] TankerkoenigMod:240  | Tankerkoenig::processData      | heap= 78936, largest= 35828 (45.4%)
[   26980] DartsRankingMod:448  | DartsRankingModule::processData | heap= 78936, largest= 35828 (45.4%)
[   26980] SofaScoreLiveMo:821  | SofaScore::processData         | heap= 78936, largest= 35828 (45.4%)
[   26981] CalendarModule.:112  | CalendarModule::processData    | heap= 78936, largest= 35828 (45.4%)
[   26981] CuriousHolidays:368  | CuriousHolidaysModule::processD | heap= 78936, largest= 35828 (45.4%)
[   26981] WeatherModule.c:204  | WeatherModule::processData     | heap= 78936, largest= 35828 (45.4%)
[   26981] ThemeParkModule:304  | ThemeParkModule::processData   | heap= 78936, largest= 35828 (45.4%)
[   27025] TankerkoenigMod:222  | Tankerkoenig::queueData        | heap= 78984, largest= 35828 (45.4%)
[   27026] WebClientModule:346  | WebClient::accessResource      | heap= 78452, largest= 35828 (45.7%)
[   27026] DartsRankingMod:411  | DartsRankingModule::queueData  | heap= 78984, largest= 35828 (45.4%)
[   27026] WebClientModule:346  | WebClient::accessResource      | heap= 78936, largest= 35828 (45.4%)
[   27026] WebClientModule:346  | WebClient::accessResource      | heap= 78920, largest= 35828 (45.4%)
[   27027] SofaScoreLiveMo:646  | SofaScore::queueData           | heap= 78984, largest= 35828 (45.4%)
[   27027] WebClientModule:346  | WebClient::accessResource      | heap= 78904, largest= 35828 (45.4%)
[   27028] WebClientModule:346  | WebClient::accessResource      | heap= 78888, largest= 35828 (45.4%)
[   27028] CalendarModule.:94   | CalendarModule::queueData      | heap= 78984, largest= 35828 (45.4%)
[   27028] WebClientModule:346  | WebClient::accessResource      | heap= 78808, largest= 35828 (45.5%)
[   27028] CuriousHolidays:315  | CuriousHolidaysModule::queueDat | heap= 78984, largest= 35828 (45.4%)
[   27029] WebClientModule:346  | WebClient::accessResource      | heap= 78904, largest= 35828 (45.4%)
[   27029] WeatherModule.c:138  | WeatherModule::queueData       | heap= 78984, largest= 35828 (45.4%)
[   27029] WebClientModule:346  | WebClient::accessResource      | heap= 78308, largest= 35828 (45.8%)
[   27030] WebClientModule:346  | WebClient::accessResource      | heap= 78792, largest= 35828 (45.5%)
[   27030] ThemeParkModule:154  | ThemeParkModule::queueData     | heap= 78984, largest= 35828 (45.4%)
[   27031] TankerkoenigMod:240  | Tankerkoenig::processData      | heap= 78984, largest= 35828 (45.4%)
[   27031] DartsRankingMod:448  | DartsRankingModule::processData | heap= 78984, largest= 35828 (45.4%)
[   27032] SofaScoreLiveMo:821  | SofaScore::processData         | heap= 78984, largest= 35828 (45.4%)
[   27032] CalendarModule.:112  | CalendarModule::processData    | heap= 78984, largest= 35828 (45.4%)
[   27032] CuriousHolidays:368  | CuriousHolidaysModule::processD | heap= 78984, largest= 35828 (45.4%)
[   27032] WeatherModule.c:204  | WeatherModule::processData     | heap= 78984, largest= 35828 (45.4%)
[   27032] ThemeParkModule:304  | ThemeParkModule::processData   | heap= 78984, largest= 35828 (45.4%)
[   27076] TankerkoenigMod:222  | Tankerkoenig::queueData        | heap= 78936, largest= 35828 (45.4%)
[   27076] WebClientModule:346  | WebClient::accessResource      | heap= 78404, largest= 35828 (45.7%)
[   27076] DartsRankingMod:411  | DartsRankingModule::queueData  | heap= 78936, largest= 35828 (45.4%)
[   27077] WebClientModule:346  | WebClient::accessResource      | heap= 78888, largest= 35828 (45.4%)
[   27077] WebClientModule:346  | WebClient::accessResource      | heap= 78872, largest= 35828 (45.4%)
[   27077] SofaScoreLiveMo:646  | SofaScore::queueData           | heap= 78936, largest= 35828 (45.4%)
[   27077] WebClientModule:346  | WebClient::accessResource      | heap= 78856, largest= 35828 (45.4%)
[   27078] WebClientModule:346  | WebClient::accessResource      | heap= 78840, largest= 35828 (45.4%)
[   27078] CalendarModule.:94   | CalendarModule::queueData      | heap= 78936, largest= 35828 (45.4%)
[   27078] WebClientModule:346  | WebClient::accessResource      | heap= 78760, largest= 35828 (45.5%)
[   27079] CuriousHolidays:315  | CuriousHolidaysModule::queueDat | heap= 78936, largest= 35828 (45.4%)
[   27080] WebClientModule:346  | WebClient::accessResource      | heap= 78856, largest= 35828 (45.4%)
[   27080] WeatherModule.c:138  | WeatherModule::queueData       | heap= 78936, largest= 35828 (45.4%)
[   27080] WebClientModule:346  | WebClient::accessResource      | heap= 78260, largest= 35828 (45.8%)
[   27081] WebClientModule:346  | WebClient::accessResource      | heap= 78744, largest= 35828 (45.5%)
[   27081] ThemeParkModule:154  | ThemeParkModule::queueData     | heap= 78936, largest= 35828 (45.4%)
[   27083] TankerkoenigMod:240  | Tankerkoenig::processData      | heap= 78936, largest= 35828 (45.4%)
[   27083] DartsRankingMod:448  | DartsRankingModule::processData | heap= 78936, largest= 35828 (45.4%)
[   27083] SofaScoreLiveMo:821  | SofaScore::processData         | heap= 78936, largest= 35828 (45.4%)
[   27083] CalendarModule.:112  | CalendarModule::processData    | heap= 78936, largest= 35828 (45.4%)
[   27084] CuriousHolidays:368  | CuriousHolidaysModule::processD | heap= 78936, largest= 35828 (45.4%)
[   27084] WeatherModule.c:204  | WeatherModule::processData     | heap= 78936, largest= 35828 (45.4%)
[   27084] ThemeParkModule:304  | ThemeParkModule::processData   | heap= 78936, largest= 35828 (45.4%)
[   27128] TankerkoenigMod:222  | Tankerkoenig::queueData        | heap= 78984, largest= 35828 (45.4%)
[   27129] WebClientModule:346  | WebClient::accessResource      | heap= 78452, largest= 35828 (45.7%)
[   27129] DartsRankingMod:411  | DartsRankingModule::queueData  | heap= 78984, largest= 35828 (45.4%)
[   27129] WebClientModule:346  | WebClient::accessResource      | heap= 78936, largest= 35828 (45.4%)
[   27129] WebClientModule:346  | WebClient::accessResource      | heap= 78920, largest= 35828 (45.4%)
[   27130] SofaScoreLiveMo:646  | SofaScore::queueData           | heap= 78984, largest= 35828 (45.4%)
[   27130] WebClientModule:346  | WebClient::accessResource      | heap= 78904, largest= 35828 (45.4%)
[   27131] WebClientModule:346  | WebClient::accessResource      | heap= 78888, largest= 35828 (45.4%)
[   27131] CalendarModule.:94   | CalendarModule::queueData      | heap= 78984, largest= 35828 (45.4%)
[   27131] WebClientModule:346  | WebClient::accessResource      | heap= 78808, largest= 35828 (45.5%)
[   27131] CuriousHolidays:315  | CuriousHolidaysModule::queueDat | heap= 78984, largest= 35828 (45.4%)
[   27132] WebClientModule:346  | WebClient::accessResource      | heap= 78904, largest= 35828 (45.4%)
[   27132] WeatherModule.c:138  | WeatherModule::queueData       | heap= 78984, largest= 35828 (45.4%)
[   27132] WebClientModule:346  | WebClient::accessResource      | heap= 78308, largest= 35828 (45.8%)
[   27133] WebClientModule:346  | WebClient::accessResource      | heap= 78792, largest= 35828 (45.5%)
[   27133] ThemeParkModule:154  | ThemeParkModule::queueData     | heap= 78984, largest= 35828 (45.4%)
[   27134] TankerkoenigMod:240  | Tankerkoenig::processData      | heap= 78984, largest= 35828 (45.4%)
[   27134] DartsRankingMod:448  | DartsRankingModule::processData | heap= 78984, largest= 35828 (45.4%)
[   27135] SofaScoreLiveMo:821  | SofaScore::processData         | heap= 78984, largest= 35828 (45.4%)
[   27135] CalendarModule.:112  | CalendarModule::processData    | heap= 78984, largest= 35828 (45.4%)
[   27135] CuriousHolidays:368  | CuriousHolidaysModule::processD | heap= 78984, largest= 35828 (45.4%)
[   27135] WeatherModule.c:204  | WeatherModule::processData     | heap= 78984, largest= 35828 (45.4%)
[   27135] ThemeParkModule:304  | ThemeParkModule::processData   | heap= 78984, largest= 35828 (45.4%)
[   27178] TankerkoenigMod:222  | Tankerkoenig::queueData        | heap= 78936, largest= 35828 (45.4%)
[   27179] WebClientModule:346  | WebClient::accessResource      | heap= 78404, largest= 35828 (45.7%)
[   27179] DartsRankingMod:411  | DartsRankingModule::queueData  | heap= 78936, largest= 35828 (45.4%)
[   27179] WebClientModule:346  | WebClient::accessResource      | heap= 78888, largest= 35828 (45.4%)
[   27179] WebClientModule:346  | WebClient::accessResource      | heap= 78872, largest= 35828 (45.4%)
[   27180] SofaScoreLiveMo:646  | SofaScore::queueData           | heap= 78936, largest= 35828 (45.4%)
[   27180] WebClientModule:346  | WebClient::accessResource      | heap= 78856, largest= 35828 (45.4%)
[   27180] WebClientModule:346  | WebClient::accessResource      | heap= 78840, largest= 35828 (45.4%)
[   27181] CalendarModule.:94   | CalendarModule::queueData      | heap= 78936, largest= 35828 (45.4%)
[   27181] WebClientModule:346  | WebClient::accessResource      | heap= 78760, largest= 35828 (45.5%)
[   27181] CuriousHolidays:315  | CuriousHolidaysModule::queueDat | heap= 78936, largest= 35828 (45.4%)
[   27182] WebClientModule:346  | WebClient::accessResource      | heap= 78904, largest= 35828 (45.4%)
[   27182] WeatherModule.c:138  | WeatherModule::queueData       | heap= 78984, largest= 35828 (45.4%)
[   27183] WebClientModule:346  | WebClient::accessResource      | heap= 78308, largest= 35828 (45.8%)
[   27183] WebClientModule:346  | WebClient::accessResource      | heap= 78792, largest= 35828 (45.5%)
[   27183] ThemeParkModule:154  | ThemeParkModule::queueData     | heap= 78984, largest= 35828 (45.4%)
[   27184] TankerkoenigMod:240  | Tankerkoenig::processData      | heap= 78984, largest= 35828 (45.4%)
[   27185] DartsRankingMod:448  | DartsRankingModule::processData | heap= 78984, largest= 35828 (45.4%)
[   27185] SofaScoreLiveMo:821  | SofaScore::processData         | heap= 78984, largest= 35828 (45.4%)
[   27185] CalendarModule.:112  | CalendarModule::processData    | heap= 78984, largest= 35828 (45.4%)
[   27185] CuriousHolidays:368  | CuriousHolidaysModule::processD | heap= 78984, largest= 35828 (45.4%)
[   27185] WeatherModule.c:204  | WeatherModule::processData     | heap= 78984, largest= 35828 (45.4%)
[   27186] ThemeParkModule:304  | ThemeParkModule::processData   | heap= 78984, largest= 35828 (45.4%)
[   27197] TankerkoenigMod:222  | Tankerkoenig::queueData        | heap= 78984, largest= 35828 (45.4%)
[   27198] WebClientModule:346  | WebClient::accessResource      | heap= 78452, largest= 35828 (45.7%)
[   27198] DartsRankingMod:411  | DartsRankingModule::queueData  | heap= 78984, largest= 35828 (45.4%)
[   27198] WebClientModule:346  | WebClient::accessResource      | heap= 78936, largest= 35828 (45.4%)
[   27198] WebClientModule:346  | WebClient::accessResource      | heap= 78920, largest= 35828 (45.4%)
[   27199] SofaScoreLiveMo:646  | SofaScore::queueData           | heap= 78984, largest= 35828 (45.4%)
[   27199] WebClientModule:346  | WebClient::accessResource      | heap= 78904, largest= 35828 (45.4%)
[   27199] WebClientModule:346  | WebClient::accessResource      | heap= 78888, largest= 35828 (45.4%)
[   27200] CalendarModule.:94   | CalendarModule::queueData      | heap= 78984, largest= 35828 (45.4%)
[   27200] WebClientModule:346  | WebClient::accessResource      | heap= 78808, largest= 35828 (45.5%)
[   27200] CuriousHolidays:315  | CuriousHolidaysModule::queueDat | heap= 78984, largest= 35828 (45.4%)
[   27200] WebClientModule:346  | WebClient::accessResource      | heap= 78904, largest= 35828 (45.4%)
[   27201] WeatherModule.c:138  | WeatherModule::queueData       | heap= 78984, largest= 35828 (45.4%)
[   27201] WebClientModule:346  | WebClient::accessResource      | heap= 78308, largest= 35828 (45.8%)
[   27201] WebClientModule:346  | WebClient::accessResource      | heap= 78792, largest= 35828 (45.5%)
[   27202] ThemeParkModule:154  | ThemeParkModule::queueData     | heap= 78984, largest= 35828 (45.4%)
[   27203] TankerkoenigMod:240  | Tankerkoenig::processData      | heap= 78984, largest= 35828 (45.4%)
[   27203] DartsRankingMod:448  | DartsRankingModule::processData | heap= 78984, largest= 35828 (45.4%)
[   27203] SofaScoreLiveMo:821  | SofaScore::processData         | heap= 78984, largest= 35828 (45.4%)
[   27204] CalendarModule.:112  | CalendarModule::processData    | heap= 78984, largest= 35828 (45.4%)
[   27204] CuriousHolidays:368  | CuriousHolidaysModule::processD | heap= 78984, largest= 35828 (45.4%)
[   27204] WeatherModule.c:204  | WeatherModule::processData     | heap= 78984, largest= 35828 (45.4%)
[   27204] ThemeParkModule:304  | ThemeParkModule::processData   | heap= 78984, largest= 35828 (45.4%)
[   27247] TankerkoenigMod:222  | Tankerkoenig::queueData        | heap= 78984, largest= 35828 (45.4%)
[   27248] WebClientModule:346  | WebClient::accessResource      | heap= 78452, largest= 35828 (45.7%)
[   27248] DartsRankingMod:411  | DartsRankingModule::queueData  | heap= 78984, largest= 35828 (45.4%)
[   27248] WebClientModule:346  | WebClient::accessResource      | heap= 78936, largest= 35828 (45.4%)
[   27248] WebClientModule:346  | WebClient::accessResource      | heap= 78920, largest= 35828 (45.4%)
[   27249] SofaScoreLiveMo:646  | SofaScore::queueData           | heap= 78984, largest= 35828 (45.4%)
[   27249] WebClientModule:346  | WebClient::accessResource      | heap= 78904, largest= 35828 (45.4%)
[   27249] WebClientModule:346  | WebClient::accessResource      | heap= 78888, largest= 35828 (45.4%)
[   27250] CalendarModule.:94   | CalendarModule::queueData      | heap= 78984, largest= 35828 (45.4%)
[   27250] WebClientModule:346  | WebClient::accessResource      | heap= 78808, largest= 35828 (45.5%)
[   27250] CuriousHolidays:315  | CuriousHolidaysModule::queueDat | heap= 78984, largest= 35828 (45.4%)
[   27251] WebClientModule:346  | WebClient::accessResource      | heap= 78904, largest= 35828 (45.4%)
[   27251] WeatherModule.c:138  | WeatherModule::queueData       | heap= 78984, largest= 35828 (45.4%)
[   27251] WebClientModule:346  | WebClient::accessResource      | heap= 78308, largest= 35828 (45.8%)
[   27251] WebClientModule:346  | WebClient::accessResource      | heap= 78792, largest= 35828 (45.5%)
[   27252] ThemeParkModule:154  | ThemeParkModule::queueData     | heap= 78984, largest= 35828 (45.4%)
[   27253] TankerkoenigMod:240  | Tankerkoenig::processData      | heap= 78984, largest= 35828 (45.4%)
[   27253] DartsRankingMod:448  | DartsRankingModule::processData | heap= 78984, largest= 35828 (45.4%)
[   27253] SofaScoreLiveMo:821  | SofaScore::processData         | heap= 78984, largest= 35828 (45.4%)
[   27254] CalendarModule.:112  | CalendarModule::processData    | heap= 78984, largest= 35828 (45.4%)
[   27254] CuriousHolidays:368  | CuriousHolidaysModule::processD | heap= 78984, largest= 35828 (45.4%)
[   27254] WeatherModule.c:204  | WeatherModule::processData     | heap= 78984, largest= 35828 (45.4%)
[   27254] ThemeParkModule:304  | ThemeParkModule::processData   | heap= 78984, largest= 35828 (45.4%)
[   27298] TankerkoenigMod:222  | Tankerkoenig::queueData        | heap= 78984, largest= 35828 (45.4%)
[   27299] WebClientModule:346  | WebClient::accessResource      | heap= 78452, largest= 35828 (45.7%)
[   27299] DartsRankingMod:411  | DartsRankingModule::queueData  | heap= 78984, largest= 35828 (45.4%)
[   27299] WebClientModule:346  | WebClient::accessResource      | heap= 78936, largest= 35828 (45.4%)
[   27299] WebClientModule:346  | WebClient::accessResource      | heap= 78920, largest= 35828 (45.4%)
[   27300] SofaScoreLiveMo:646  | SofaScore::queueData           | heap= 78984, largest= 35828 (45.4%)
[   27300] WebClientModule:346  | WebClient::accessResource      | heap= 78904, largest= 35828 (45.4%)
[   27301] WebClientModule:346  | WebClient::accessResource      | heap= 78888, largest= 35828 (45.4%)
[   27301] CalendarModule.:94   | CalendarModule::queueData      | heap= 78984, largest= 35828 (45.4%)
[   27301] WebClientModule:346  | WebClient::accessResource      | heap= 78808, largest= 35828 (45.5%)
[   27301] CuriousHolidays:315  | CuriousHolidaysModule::queueDat | heap= 78984, largest= 35828 (45.4%)
[   27302] WebClientModule:346  | WebClient::accessResource      | heap= 78904, largest= 35828 (45.4%)
[   27302] WeatherModule.c:138  | WeatherModule::queueData       | heap= 78984, largest= 35828 (45.4%)
[   27302] WebClientModule:346  | WebClient::accessResource      | heap= 78308, largest= 35828 (45.8%)
[   27303] WebClientModule:346  | WebClient::accessResource      | heap= 78792, largest= 35828 (45.5%)
[   27303] ThemeParkModule:154  | ThemeParkModule::queueData     | heap= 78984, largest= 35828 (45.4%)
[   27304] TankerkoenigMod:240  | Tankerkoenig::processData      | heap= 78984, largest= 35828 (45.4%)
[   27304] DartsRankingMod:448  | DartsRankingModule::processData | heap= 78984, largest= 35828 (45.4%)
[   27305] SofaScoreLiveMo:821  | SofaScore::processData         | heap= 78984, largest= 35828 (45.4%)
[   27305] CalendarModule.:112  | CalendarModule::processData    | heap= 78984, largest= 35828 (45.4%)
[   27305] CuriousHolidays:368  | CuriousHolidaysModule::processD | heap= 78984, largest= 35828 (45.4%)
[   27305] WeatherModule.c:204  | WeatherModule::processData     | heap= 78984, largest= 35828 (45.4%)
[   27305] ThemeParkModule:304  | ThemeParkModule::processData   | heap= 78984, largest= 35828 (45.4%)
[   27348] TankerkoenigMod:222  | Tankerkoenig::queueData        | heap= 78984, largest= 35828 (45.4%)
[   27349] WebClientModule:346  | WebClient::accessResource      | heap= 78452, largest= 35828 (45.7%)
[   27349] DartsRankingMod:411  | DartsRankingModule::queueData  | heap= 78984, largest= 35828 (45.4%)
[   27349] WebClientModule:346  | WebClient::accessResource      | heap= 78936, largest= 35828 (45.4%)
[   27349] WebClientModule:346  | WebClient::accessResource      | heap= 78920, largest= 35828 (45.4%)
[   27350] SofaScoreLiveMo:646  | SofaScore::queueData           | heap= 78984, largest= 35828 (45.4%)
[   27350] WebClientModule:346  | WebClient::accessResource      | heap= 78904, largest= 35828 (45.4%)
[   27351] WebClientModule:346  | WebClient::accessResource      | heap= 78888, largest= 35828 (45.4%)
[   27351] CalendarModule.:94   | CalendarModule::queueData      | heap= 78984, largest= 35828 (45.4%)
[   27351] WebClientModule:346  | WebClient::accessResource      | heap= 78808, largest= 35828 (45.5%)
[   27351] CuriousHolidays:315  | CuriousHolidaysModule::queueDat | heap= 78984, largest= 35828 (45.4%)
[   27352] WebClientModule:346  | WebClient::accessResource      | heap= 78904, largest= 35828 (45.4%)
[   27352] WeatherModule.c:138  | WeatherModule::queueData       | heap= 78984, largest= 35828 (45.4%)
[   27352] WebClientModule:346  | WebClient::accessResource      | heap= 78308, largest= 35828 (45.8%)
[   27353] WebClientModule:346  | WebClient::accessResource      | heap= 78792, largest= 35828 (45.5%)
[   27353] ThemeParkModule:154  | ThemeParkModule::queueData     | heap= 78984, largest= 35828 (45.4%)
[   27354] TankerkoenigMod:240  | Tankerkoenig::processData      | heap= 78984, largest= 35828 (45.4%)
[   27354] DartsRankingMod:448  | DartsRankingModule::processData | heap= 78984, largest= 35828 (45.4%)
[   27355] SofaScoreLiveMo:821  | SofaScore::processData         | heap= 78984, largest= 35828 (45.4%)
[   27355] CalendarModule.:112  | CalendarModule::processData    | heap= 78984, largest= 35828 (45.4%)
[   27355] CuriousHolidays:368  | CuriousHolidaysModule::processD | heap= 78984, largest= 35828 (45.4%)
[   27355] WeatherModule.c:204  | WeatherModule::processData     | heap= 78984, largest= 35828 (45.4%)
[   27355] ThemeParkModule:304  | ThemeParkModule::processData   | heap= 78984, largest= 35828 (45.4%)
