=== Heap Fragmentation Log ===
Date/Time: 2026-01-17 12:10:14
Timestamp: 389699 ms
Current Heap: free=70192, largestBlock=23540 (33.5%), freeBlocks=20
Baseline: largestBlock=233460 (set 388593 ms ago)
Degradation: 209920 bytes (89.9% loss from baseline)

=== Recent Operations (last 300) ===
[  388663] CalendarModule.:94   | CalendarModule::queueData      | heap= 71208, largest= 23540 (33.1%)
[  388663] WebClientModule:346  | WebClient::accessResource      | heap= 71032, largest= 23540 (33.1%)
[  388663] CuriousHolidays:315  | CuriousHolidaysModule::queueDat | heap= 71208, largest= 23540 (33.1%)
[  388664] WebClientModule:346  | WebClient::accessResource      | heap= 71128, largest= 23540 (33.1%)
[  388664] WeatherModule.c:138  | WeatherModule::queueData       | heap= 71208, largest= 23540 (33.1%)
[  388664] WebClientModule:346  | WebClient::accessResource      | heap= 70532, largest= 23540 (33.4%)
[  388664] ThemeParkModule:154  | ThemeParkModule::queueData     | heap= 71208, largest= 23540 (33.1%)
[  388666] TankerkoenigMod:240  | Tankerkoenig::processData      | heap= 71208, largest= 23540 (33.1%)
[  388666] DartsRankingMod:448  | DartsRankingModule::processData | heap= 71208, largest= 23540 (33.1%)
[  388666] SofaScoreLiveMo:821  | SofaScore::processData         | heap= 71208, largest= 23540 (33.1%)
[  388666] CalendarModule.:112  | CalendarModule::processData    | heap= 71208, largest= 23540 (33.1%)
[  388667] CuriousHolidays:368  | CuriousHolidaysModule::processD | heap= 71208, largest= 23540 (33.1%)
[  388667] WeatherModule.c:204  | WeatherModule::processData     | heap= 71208, largest= 23540 (33.1%)
[  388667] ThemeParkModule:304  | ThemeParkModule::processData   | heap= 71208, largest= 23540 (33.1%)
[  388678] TankerkoenigMod:222  | Tankerkoenig::queueData        | heap= 71208, largest= 23540 (33.1%)
[  388679] WebClientModule:346  | WebClient::accessResource      | heap= 70676, largest= 23540 (33.3%)
[  388679] DartsRankingMod:411  | DartsRankingModule::queueData  | heap= 71208, largest= 23540 (33.1%)
[  388679] WebClientModule:346  | WebClient::accessResource      | heap= 71160, largest= 23540 (33.1%)
[  388679] WebClientModule:346  | WebClient::accessResource      | heap= 71144, largest= 23540 (33.1%)
[  388680] SofaScoreLiveMo:646  | SofaScore::queueData           | heap= 71208, largest= 23540 (33.1%)
[  388680] WebClientModule:346  | WebClient::accessResource      | heap= 71128, largest= 23540 (33.1%)
[  388680] WebClientModule:346  | WebClient::accessResource      | heap= 71112, largest= 23540 (33.1%)
[  388681] CalendarModule.:94   | CalendarModule::queueData      | heap= 71208, largest= 23540 (33.1%)
[  388681] WebClientModule:346  | WebClient::accessResource      | heap= 71032, largest= 23540 (33.1%)
[  388681] CuriousHolidays:315  | CuriousHolidaysModule::queueDat | heap= 71208, largest= 23540 (33.1%)
[  388681] WebClientModule:346  | WebClient::accessResource      | heap= 71128, largest= 23540 (33.1%)
[  388682] WeatherModule.c:138  | WeatherModule::queueData       | heap= 71208, largest= 23540 (33.1%)
[  388682] WebClientModule:346  | WebClient::accessResource      | heap= 70532, largest= 23540 (33.4%)
[  388682] ThemeParkModule:154  | ThemeParkModule::queueData     | heap= 71208, largest= 23540 (33.1%)
[  388684] TankerkoenigMod:240  | Tankerkoenig::processData      | heap= 71208, largest= 23540 (33.1%)
[  388684] DartsRankingMod:448  | DartsRankingModule::processData | heap= 71208, largest= 23540 (33.1%)
[  388684] SofaScoreLiveMo:821  | SofaScore::processData         | heap= 71208, largest= 23540 (33.1%)
[  388684] CalendarModule.:112  | CalendarModule::processData    | heap= 71208, largest= 23540 (33.1%)
[  388685] CuriousHolidays:368  | CuriousHolidaysModule::processD | heap= 71208, largest= 23540 (33.1%)
[  388685] WeatherModule.c:204  | WeatherModule::processData     | heap= 71208, largest= 23540 (33.1%)
[  388685] ThemeParkModule:304  | ThemeParkModule::processData   | heap= 71208, largest= 23540 (33.1%)
[  388801] TankerkoenigMod:222  | Tankerkoenig::queueData        | heap= 71160, largest= 23540 (33.1%)
[  388801] WebClientModule:346  | WebClient::accessResource      | heap= 70628, largest= 23540 (33.3%)
[  388801] DartsRankingMod:411  | DartsRankingModule::queueData  | heap= 71160, largest= 23540 (33.1%)
[  388801] WebClientModule:346  | WebClient::accessResource      | heap= 71112, largest= 23540 (33.1%)
[  388802] WebClientModule:346  | WebClient::accessResource      | heap= 71096, largest= 23540 (33.1%)
[  388802] SofaScoreLiveMo:646  | SofaScore::queueData           | heap= 71160, largest= 23540 (33.1%)
[  388802] WebClientModule:346  | WebClient::accessResource      | heap= 71080, largest= 23540 (33.1%)
[  388803] WebClientModule:346  | WebClient::accessResource      | heap= 71064, largest= 23540 (33.1%)
[  388803] CalendarModule.:94   | CalendarModule::queueData      | heap= 71160, largest= 23540 (33.1%)
[  388803] WebClientModule:346  | WebClient::accessResource      | heap= 70984, largest= 23540 (33.2%)
[  388803] CuriousHolidays:315  | CuriousHolidaysModule::queueDat | heap= 71160, largest= 23540 (33.1%)
[  388804] WebClientModule:346  | WebClient::accessResource      | heap= 71080, largest= 23540 (33.1%)
[  388804] WeatherModule.c:138  | WeatherModule::queueData       | heap= 71160, largest= 23540 (33.1%)
[  388804] WebClientModule:346  | WebClient::accessResource      | heap= 70484, largest= 23540 (33.4%)
[  388805] ThemeParkModule:154  | ThemeParkModule::queueData     | heap= 71160, largest= 23540 (33.1%)
[  388806] TankerkoenigMod:240  | Tankerkoenig::processData      | heap= 71160, largest= 23540 (33.1%)
[  388806] DartsRankingMod:448  | DartsRankingModule::processData | heap= 71160, largest= 23540 (33.1%)
[  388807] SofaScoreLiveMo:821  | SofaScore::processData         | heap= 71160, largest= 23540 (33.1%)
[  388807] CalendarModule.:112  | CalendarModule::processData    | heap= 71160, largest= 23540 (33.1%)
[  388807] CuriousHolidays:368  | CuriousHolidaysModule::processD | heap= 71160, largest= 23540 (33.1%)
[  388807] WeatherModule.c:204  | WeatherModule::processData     | heap= 71160, largest= 23540 (33.1%)
[  388807] ThemeParkModule:304  | ThemeParkModule::processData   | heap= 71160, largest= 23540 (33.1%)
[  388818] TankerkoenigMod:222  | Tankerkoenig::queueData        | heap= 71160, largest= 23540 (33.1%)
[  388819] WebClientModule:346  | WebClient::accessResource      | heap= 70628, largest= 23540 (33.3%)
[  388819] DartsRankingMod:411  | DartsRankingModule::queueData  | heap= 71160, largest= 23540 (33.1%)
[  388819] WebClientModule:346  | WebClient::accessResource      | heap= 71112, largest= 23540 (33.1%)
[  388819] WebClientModule:346  | WebClient::accessResource      | heap= 71096, largest= 23540 (33.1%)
[  388820] SofaScoreLiveMo:646  | SofaScore::queueData           | heap= 71160, largest= 23540 (33.1%)
[  388820] WebClientModule:346  | WebClient::accessResource      | heap= 71080, largest= 23540 (33.1%)
[  388820] WebClientModule:346  | WebClient::accessResource      | heap= 71064, largest= 23540 (33.1%)
[  388821] CalendarModule.:94   | CalendarModule::queueData      | heap= 71160, largest= 23540 (33.1%)
[  388821] WebClientModule:346  | WebClient::accessResource      | heap= 70984, largest= 23540 (33.2%)
[  388821] CuriousHolidays:315  | CuriousHolidaysModule::queueDat | heap= 71160, largest= 23540 (33.1%)
[  388822] WebClientModule:346  | WebClient::accessResource      | heap= 71080, largest= 23540 (33.1%)
[  388822] WeatherModule.c:138  | WeatherModule::queueData       | heap= 71160, largest= 23540 (33.1%)
[  388822] WebClientModule:346  | WebClient::accessResource      | heap= 70484, largest= 23540 (33.4%)
[  388822] ThemeParkModule:154  | ThemeParkModule::queueData     | heap= 71160, largest= 23540 (33.1%)
[  388824] TankerkoenigMod:240  | Tankerkoenig::processData      | heap= 71160, largest= 23540 (33.1%)
[  388824] DartsRankingMod:448  | DartsRankingModule::processData | heap= 71160, largest= 23540 (33.1%)
[  388824] SofaScoreLiveMo:821  | SofaScore::processData         | heap= 71160, largest= 23540 (33.1%)
[  388824] CalendarModule.:112  | CalendarModule::processData    | heap= 71160, largest= 23540 (33.1%)
[  388825] CuriousHolidays:368  | CuriousHolidaysModule::processD | heap= 71160, largest= 23540 (33.1%)
[  388825] WeatherModule.c:204  | WeatherModule::processData     | heap= 71160, largest= 23540 (33.1%)
[  388825] ThemeParkModule:304  | ThemeParkModule::processData   | heap= 71160, largest= 23540 (33.1%)
[  388837] TankerkoenigMod:222  | Tankerkoenig::queueData        | heap= 71160, largest= 23540 (33.1%)
[  388837] WebClientModule:346  | WebClient::accessResource      | heap= 70628, largest= 23540 (33.3%)
[  388837] DartsRankingMod:411  | DartsRankingModule::queueData  | heap= 71160, largest= 23540 (33.1%)
[  388837] WebClientModule:346  | WebClient::accessResource      | heap= 71112, largest= 23540 (33.1%)
[  388838] WebClientModule:346  | WebClient::accessResource      | heap= 71096, largest= 23540 (33.1%)
[  388838] SofaScoreLiveMo:646  | SofaScore::queueData           | heap= 71160, largest= 23540 (33.1%)
[  388838] WebClientModule:346  | WebClient::accessResource      | heap= 71080, largest= 23540 (33.1%)
[  388839] WebClientModule:346  | WebClient::accessResource      | heap= 71064, largest= 23540 (33.1%)
[  388839] CalendarModule.:94   | CalendarModule::queueData      | heap= 71160, largest= 23540 (33.1%)
[  388839] WebClientModule:346  | WebClient::accessResource      | heap= 70984, largest= 23540 (33.2%)
[  388839] CuriousHolidays:315  | CuriousHolidaysModule::queueDat | heap= 71160, largest= 23540 (33.1%)
[  388840] WebClientModule:346  | WebClient::accessResource      | heap= 71080, largest= 23540 (33.1%)
[  388840] WeatherModule.c:138  | WeatherModule::queueData       | heap= 71160, largest= 23540 (33.1%)
[  388840] WebClientModule:346  | WebClient::accessResource      | heap= 70484, largest= 23540 (33.4%)
[  388841] ThemeParkModule:154  | ThemeParkModule::queueData     | heap= 71160, largest= 23540 (33.1%)
[  388842] TankerkoenigMod:240  | Tankerkoenig::processData      | heap= 71160, largest= 23540 (33.1%)
[  388842] DartsRankingMod:448  | DartsRankingModule::processData | heap= 71160, largest= 23540 (33.1%)
[  388842] SofaScoreLiveMo:821  | SofaScore::processData         | heap= 71160, largest= 23540 (33.1%)
[  388843] CalendarModule.:112  | CalendarModule::processData    | heap= 71160, largest= 23540 (33.1%)
[  388843] CuriousHolidays:368  | CuriousHolidaysModule::processD | heap= 71160, largest= 23540 (33.1%)
[  388843] WeatherModule.c:204  | WeatherModule::processData     | heap= 71160, largest= 23540 (33.1%)
[  388843] ThemeParkModule:304  | ThemeParkModule::processData   | heap= 71160, largest= 23540 (33.1%)
[  388854] TankerkoenigMod:222  | Tankerkoenig::queueData        | heap= 71160, largest= 23540 (33.1%)
[  388855] WebClientModule:346  | WebClient::accessResource      | heap= 70628, largest= 23540 (33.3%)
[  388855] DartsRankingMod:411  | DartsRankingModule::queueData  | heap= 71160, largest= 23540 (33.1%)
[  388855] WebClientModule:346  | WebClient::accessResource      | heap= 71112, largest= 23540 (33.1%)
[  388855] WebClientModule:346  | WebClient::accessResource      | heap= 71096, largest= 23540 (33.1%)
[  388856] SofaScoreLiveMo:646  | SofaScore::queueData           | heap= 71160, largest= 23540 (33.1%)
[  388856] WebClientModule:346  | WebClient::accessResource      | heap= 71080, largest= 23540 (33.1%)
[  388857] WebClientModule:346  | WebClient::accessResource      | heap= 71064, largest= 23540 (33.1%)
[  388857] CalendarModule.:94   | CalendarModule::queueData      | heap= 71160, largest= 23540 (33.1%)
[  388857] WebClientModule:346  | WebClient::accessResource      | heap= 70984, largest= 23540 (33.2%)
[  388857] CuriousHolidays:315  | CuriousHolidaysModule::queueDat | heap= 71160, largest= 23540 (33.1%)
[  388858] WebClientModule:346  | WebClient::accessResource      | heap= 71080, largest= 23540 (33.1%)
[  388858] WeatherModule.c:138  | WeatherModule::queueData       | heap= 71160, largest= 23540 (33.1%)
[  388858] WebClientModule:346  | WebClient::accessResource      | heap= 70484, largest= 23540 (33.4%)
[  388859] ThemeParkModule:154  | ThemeParkModule::queueData     | heap= 71160, largest= 23540 (33.1%)
[  388860] TankerkoenigMod:240  | Tankerkoenig::processData      | heap= 71208, largest= 23540 (33.1%)
[  388860] DartsRankingMod:448  | DartsRankingModule::processData | heap= 71208, largest= 23540 (33.1%)
[  388861] SofaScoreLiveMo:821  | SofaScore::processData         | heap= 71208, largest= 23540 (33.1%)
[  388861] CalendarModule.:112  | CalendarModule::processData    | heap= 71208, largest= 23540 (33.1%)
[  388861] CuriousHolidays:368  | CuriousHolidaysModule::processD | heap= 71208, largest= 23540 (33.1%)
[  388861] WeatherModule.c:204  | WeatherModule::processData     | heap= 71208, largest= 23540 (33.1%)
[  388862] ThemeParkModule:304  | ThemeParkModule::processData   | heap= 71208, largest= 23540 (33.1%)
[  388872] TankerkoenigMod:222  | Tankerkoenig::queueData        | heap= 71208, largest= 23540 (33.1%)
[  388873] WebClientModule:346  | WebClient::accessResource      | heap= 70676, largest= 23540 (33.3%)
[  388873] DartsRankingMod:411  | DartsRankingModule::queueData  | heap= 71208, largest= 23540 (33.1%)
[  388873] WebClientModule:346  | WebClient::accessResource      | heap= 71160, largest= 23540 (33.1%)
[  388873] WebClientModule:346  | WebClient::accessResource      | heap= 71144, largest= 23540 (33.1%)
[  388874] SofaScoreLiveMo:646  | SofaScore::queueData           | heap= 71208, largest= 23540 (33.1%)
[  388874] WebClientModule:346  | WebClient::accessResource      | heap= 71128, largest= 23540 (33.1%)
[  388874] WebClientModule:346  | WebClient::accessResource      | heap= 71112, largest= 23540 (33.1%)
[  388875] CalendarModule.:94   | CalendarModule::queueData      | heap= 71208, largest= 23540 (33.1%)
[  388875] WebClientModule:346  | WebClient::accessResource      | heap= 71032, largest= 23540 (33.1%)
[  388875] CuriousHolidays:315  | CuriousHolidaysModule::queueDat | heap= 71208, largest= 23540 (33.1%)
[  388876] WebClientModule:346  | WebClient::accessResource      | heap= 71128, largest= 23540 (33.1%)
[  388876] WeatherModule.c:138  | WeatherModule::queueData       | heap= 71208, largest= 23540 (33.1%)
[  388876] WebClientModule:346  | WebClient::accessResource      | heap= 70532, largest= 23540 (33.4%)
[  388876] ThemeParkModule:154  | ThemeParkModule::queueData     | heap= 71208, largest= 23540 (33.1%)
[  388878] TankerkoenigMod:240  | Tankerkoenig::processData      | heap= 71208, largest= 23540 (33.1%)
[  388878] DartsRankingMod:448  | DartsRankingModule::processData | heap= 71208, largest= 23540 (33.1%)
[  388878] SofaScoreLiveMo:821  | SofaScore::processData         | heap= 71208, largest= 23540 (33.1%)
[  388878] CalendarModule.:112  | CalendarModule::processData    | heap= 71208, largest= 23540 (33.1%)
[  388879] CuriousHolidays:368  | CuriousHolidaysModule::processD | heap= 71208, largest= 23540 (33.1%)
[  388879] WeatherModule.c:204  | WeatherModule::processData     | heap= 71208, largest= 23540 (33.1%)
[  388879] ThemeParkModule:304  | ThemeParkModule::processData   | heap= 71208, largest= 23540 (33.1%)
[  388890] TankerkoenigMod:222  | Tankerkoenig::queueData        | heap= 71208, largest= 23540 (33.1%)
[  388891] WebClientModule:346  | WebClient::accessResource      | heap= 70676, largest= 23540 (33.3%)
[  388891] DartsRankingMod:411  | DartsRankingModule::queueData  | heap= 71208, largest= 23540 (33.1%)
[  388891] WebClientModule:346  | WebClient::accessResource      | heap= 71160, largest= 23540 (33.1%)
[  388891] WebClientModule:346  | WebClient::accessResource      | heap= 71144, largest= 23540 (33.1%)
[  388892] SofaScoreLiveMo:646  | SofaScore::queueData           | heap= 71208, largest= 23540 (33.1%)
[  388892] WebClientModule:346  | WebClient::accessResource      | heap= 71128, largest= 23540 (33.1%)
[  388892] WebClientModule:346  | WebClient::accessResource      | heap= 71112, largest= 23540 (33.1%)
[  388893] CalendarModule.:94   | CalendarModule::queueData      | heap= 71208, largest= 23540 (33.1%)
[  388893] WebClientModule:346  | WebClient::accessResource      | heap= 71032, largest= 23540 (33.1%)
[  388893] CuriousHolidays:315  | CuriousHolidaysModule::queueDat | heap= 71208, largest= 23540 (33.1%)
[  388893] WebClientModule:346  | WebClient::accessResource      | heap= 71128, largest= 23540 (33.1%)
[  388894] WeatherModule.c:138  | WeatherModule::queueData       | heap= 71208, largest= 23540 (33.1%)
[  388894] WebClientModule:346  | WebClient::accessResource      | heap= 70532, largest= 23540 (33.4%)
[  388894] ThemeParkModule:154  | ThemeParkModule::queueData     | heap= 71208, largest= 23540 (33.1%)
[  388896] TankerkoenigMod:240  | Tankerkoenig::processData      | heap= 71208, largest= 23540 (33.1%)
[  388896] DartsRankingMod:448  | DartsRankingModule::processData | heap= 71208, largest= 23540 (33.1%)
[  388896] SofaScoreLiveMo:821  | SofaScore::processData         | heap= 71208, largest= 23540 (33.1%)
[  388896] CalendarModule.:112  | CalendarModule::processData    | heap= 71208, largest= 23540 (33.1%)
[  388897] CuriousHolidays:368  | CuriousHolidaysModule::processD | heap= 71208, largest= 23540 (33.1%)
[  388897] WeatherModule.c:204  | WeatherModule::processData     | heap= 71208, largest= 23540 (33.1%)
[  388897] ThemeParkModule:304  | ThemeParkModule::processData   | heap= 71208, largest= 23540 (33.1%)
[  389072] TankerkoenigMod:222  | Tankerkoenig::queueData        | heap= 71208, largest= 23540 (33.1%)
[  389072] WebClientModule:346  | WebClient::accessResource      | heap= 70676, largest= 23540 (33.3%)
[  389073] DartsRankingMod:411  | DartsRankingModule::queueData  | heap= 71208, largest= 23540 (33.1%)
[  389073] WebClientModule:346  | WebClient::accessResource      | heap= 71160, largest= 23540 (33.1%)
[  389073] WebClientModule:346  | WebClient::accessResource      | heap= 71144, largest= 23540 (33.1%)
[  389073] SofaScoreLiveMo:646  | SofaScore::queueData           | heap= 71208, largest= 23540 (33.1%)
[  389074] WebClientModule:346  | WebClient::accessResource      | heap= 71128, largest= 23540 (33.1%)
[  389074] WebClientModule:346  | WebClient::accessResource      | heap= 71112, largest= 23540 (33.1%)
[  389074] CalendarModule.:94   | CalendarModule::queueData      | heap= 71208, largest= 23540 (33.1%)
[  389075] WebClientModule:346  | WebClient::accessResource      | heap= 71032, largest= 23540 (33.1%)
[  389075] CuriousHolidays:315  | CuriousHolidaysModule::queueDat | heap= 71208, largest= 23540 (33.1%)
[  389075] WebClientModule:346  | WebClient::accessResource      | heap= 71128, largest= 23540 (33.1%)
[  389075] WeatherModule.c:138  | WeatherModule::queueData       | heap= 71208, largest= 23540 (33.1%)
[  389076] WebClientModule:346  | WebClient::accessResource      | heap= 70532, largest= 23540 (33.4%)
[  389076] ThemeParkModule:154  | ThemeParkModule::queueData     | heap= 71208, largest= 23540 (33.1%)
[  389078] TankerkoenigMod:240  | Tankerkoenig::processData      | heap= 71208, largest= 23540 (33.1%)
[  389078] DartsRankingMod:448  | DartsRankingModule::processData | heap= 71208, largest= 23540 (33.1%)
[  389078] SofaScoreLiveMo:821  | SofaScore::processData         | heap= 71208, largest= 23540 (33.1%)
[  389078] CalendarModule.:112  | CalendarModule::processData    | heap= 71208, largest= 23540 (33.1%)
[  389078] CuriousHolidays:368  | CuriousHolidaysModule::processD | heap= 71208, largest= 23540 (33.1%)
[  389079] WeatherModule.c:204  | WeatherModule::processData     | heap= 71208, largest= 23540 (33.1%)
[  389079] ThemeParkModule:304  | ThemeParkModule::processData   | heap= 71208, largest= 23540 (33.1%)
[  389090] TankerkoenigMod:222  | Tankerkoenig::queueData        | heap= 71208, largest= 23540 (33.1%)
[  389091] WebClientModule:346  | WebClient::accessResource      | heap= 70676, largest= 23540 (33.3%)
[  389091] DartsRankingMod:411  | DartsRankingModule::queueData  | heap= 71208, largest= 23540 (33.1%)
[  389091] WebClientModule:346  | WebClient::accessResource      | heap= 71160, largest= 23540 (33.1%)
[  389091] WebClientModule:346  | WebClient::accessResource      | heap= 71144, largest= 23540 (33.1%)
[  389092] SofaScoreLiveMo:646  | SofaScore::queueData           | heap= 71208, largest= 23540 (33.1%)
[  389092] WebClientModule:346  | WebClient::accessResource      | heap= 71128, largest= 23540 (33.1%)
[  389092] WebClientModule:346  | WebClient::accessResource      | heap= 71112, largest= 23540 (33.1%)
[  389093] CalendarModule.:94   | CalendarModule::queueData      | heap= 71208, largest= 23540 (33.1%)
[  389093] WebClientModule:346  | WebClient::accessResource      | heap= 71032, largest= 23540 (33.1%)
[  389093] CuriousHolidays:315  | CuriousHolidaysModule::queueDat | heap= 71208, largest= 23540 (33.1%)
[  389093] WebClientModule:346  | WebClient::accessResource      | heap= 71128, largest= 23540 (33.1%)
[  389094] WeatherModule.c:138  | WeatherModule::queueData       | heap= 71208, largest= 23540 (33.1%)
[  389094] WebClientModule:346  | WebClient::accessResource      | heap= 70532, largest= 23540 (33.4%)
[  389094] ThemeParkModule:154  | ThemeParkModule::queueData     | heap= 71208, largest= 23540 (33.1%)
[  389096] TankerkoenigMod:240  | Tankerkoenig::processData      | heap= 71208, largest= 23540 (33.1%)
[  389096] DartsRankingMod:448  | DartsRankingModule::processData | heap= 71208, largest= 23540 (33.1%)
[  389096] SofaScoreLiveMo:821  | SofaScore::processData         | heap= 71208, largest= 23540 (33.1%)
[  389096] CalendarModule.:112  | CalendarModule::processData    | heap= 71208, largest= 23540 (33.1%)
[  389097] CuriousHolidays:368  | CuriousHolidaysModule::processD | heap= 71208, largest= 23540 (33.1%)
[  389097] WeatherModule.c:204  | WeatherModule::processData     | heap= 71208, largest= 23540 (33.1%)
[  389097] ThemeParkModule:304  | ThemeParkModule::processData   | heap= 71208, largest= 23540 (33.1%)
[  389108] TankerkoenigMod:222  | Tankerkoenig::queueData        | heap= 71208, largest= 23540 (33.1%)
[  389109] WebClientModule:346  | WebClient::accessResource      | heap= 70676, largest= 23540 (33.3%)
[  389109] DartsRankingMod:411  | DartsRankingModule::queueData  | heap= 71208, largest= 23540 (33.1%)
[  389109] WebClientModule:346  | WebClient::accessResource      | heap= 71160, largest= 23540 (33.1%)
[  389109] WebClientModule:346  | WebClient::accessResource      | heap= 71144, largest= 23540 (33.1%)
[  389110] SofaScoreLiveMo:646  | SofaScore::queueData           | heap= 71208, largest= 23540 (33.1%)
[  389110] WebClientModule:346  | WebClient::accessResource      | heap= 71128, largest= 23540 (33.1%)
[  389110] WebClientModule:346  | WebClient::accessResource      | heap= 71112, largest= 23540 (33.1%)
[  389111] CalendarModule.:94   | CalendarModule::queueData      | heap= 71208, largest= 23540 (33.1%)
[  389111] WebClientModule:346  | WebClient::accessResource      | heap= 71032, largest= 23540 (33.1%)
[  389111] CuriousHolidays:315  | CuriousHolidaysModule::queueDat | heap= 71208, largest= 23540 (33.1%)
[  389111] WebClientModule:346  | WebClient::accessResource      | heap= 71128, largest= 23540 (33.1%)
[  389112] WeatherModule.c:138  | WeatherModule::queueData       | heap= 71208, largest= 23540 (33.1%)
[  389112] WebClientModule:346  | WebClient::accessResource      | heap= 70532, largest= 23540 (33.4%)
[  389112] ThemeParkModule:154  | ThemeParkModule::queueData     | heap= 71208, largest= 23540 (33.1%)
[  389114] TankerkoenigMod:240  | Tankerkoenig::processData      | heap= 71208, largest= 23540 (33.1%)
[  389114] DartsRankingMod:448  | DartsRankingModule::processData | heap= 71208, largest= 23540 (33.1%)
[  389114] SofaScoreLiveMo:821  | SofaScore::processData         | heap= 71208, largest= 23540 (33.1%)
[  389114] CalendarModule.:112  | CalendarModule::processData    | heap= 71208, largest= 23540 (33.1%)
[  389115] CuriousHolidays:368  | CuriousHolidaysModule::processD | heap= 71208, largest= 23540 (33.1%)
[  389115] WeatherModule.c:204  | WeatherModule::processData     | heap= 71208, largest= 23540 (33.1%)
[  389115] ThemeParkModule:304  | ThemeParkModule::processData   | heap= 71208, largest= 23540 (33.1%)
[  389294] TankerkoenigMod:222  | Tankerkoenig::queueData        | heap= 71208, largest= 23540 (33.1%)
[  389294] WebClientModule:346  | WebClient::accessResource      | heap= 70676, largest= 23540 (33.3%)
[  389295] DartsRankingMod:411  | DartsRankingModule::queueData  | heap= 71208, largest= 23540 (33.1%)
[  389295] WebClientModule:346  | WebClient::accessResource      | heap= 71160, largest= 23540 (33.1%)
[  389295] WebClientModule:346  | WebClient::accessResource      | heap= 71144, largest= 23540 (33.1%)
[  389295] SofaScoreLiveMo:646  | SofaScore::queueData           | heap= 71208, largest= 23540 (33.1%)
[  389295] WebClientModule:346  | WebClient::accessResource      | heap= 71128, largest= 23540 (33.1%)
[  389296] WebClientModule:346  | WebClient::accessResource      | heap= 71112, largest= 23540 (33.1%)
[  389296] CalendarModule.:94   | CalendarModule::queueData      | heap= 71208, largest= 23540 (33.1%)
[  389297] WebClientModule:346  | WebClient::accessResource      | heap= 71032, largest= 23540 (33.1%)
[  389297] CuriousHolidays:315  | CuriousHolidaysModule::queueDat | heap= 71208, largest= 23540 (33.1%)
[  389297] WebClientModule:346  | WebClient::accessResource      | heap= 71128, largest= 23540 (33.1%)
[  389297] WeatherModule.c:138  | WeatherModule::queueData       | heap= 71208, largest= 23540 (33.1%)
[  389298] WebClientModule:346  | WebClient::accessResource      | heap= 70532, largest= 23540 (33.4%)
[  389298] ThemeParkModule:154  | ThemeParkModule::queueData     | heap= 71208, largest= 23540 (33.1%)
[  389300] TankerkoenigMod:240  | Tankerkoenig::processData      | heap= 71208, largest= 23540 (33.1%)
[  389300] DartsRankingMod:448  | DartsRankingModule::processData | heap= 71208, largest= 23540 (33.1%)
[  389300] SofaScoreLiveMo:821  | SofaScore::processData         | heap= 71208, largest= 23540 (33.1%)
[  389300] CalendarModule.:112  | CalendarModule::processData    | heap= 71208, largest= 23540 (33.1%)
[  389300] CuriousHolidays:368  | CuriousHolidaysModule::processD | heap= 71208, largest= 23540 (33.1%)
[  389301] WeatherModule.c:204  | WeatherModule::processData     | heap= 71208, largest= 23540 (33.1%)
[  389301] ThemeParkModule:304  | ThemeParkModule::processData   | heap= 71208, largest= 23540 (33.1%)
[  389312] TankerkoenigMod:222  | Tankerkoenig::queueData        | heap= 71208, largest= 23540 (33.1%)
[  389313] WebClientModule:346  | WebClient::accessResource      | heap= 70676, largest= 23540 (33.3%)
[  389313] DartsRankingMod:411  | DartsRankingModule::queueData  | heap= 71208, largest= 23540 (33.1%)
[  389313] WebClientModule:346  | WebClient::accessResource      | heap= 71160, largest= 23540 (33.1%)
[  389313] WebClientModule:346  | WebClient::accessResource      | heap= 71144, largest= 23540 (33.1%)
[  389314] SofaScoreLiveMo:646  | SofaScore::queueData           | heap= 71208, largest= 23540 (33.1%)
[  389314] WebClientModule:346  | WebClient::accessResource      | heap= 71128, largest= 23540 (33.1%)
[  389314] WebClientModule:346  | WebClient::accessResource      | heap= 71112, largest= 23540 (33.1%)
[  389315] CalendarModule.:94   | CalendarModule::queueData      | heap= 71208, largest= 23540 (33.1%)
[  389315] WebClientModule:346  | WebClient::accessResource      | heap= 71032, largest= 23540 (33.1%)
[  389315] CuriousHolidays:315  | CuriousHolidaysModule::queueDat | heap= 71208, largest= 23540 (33.1%)
[  389316] WebClientModule:346  | WebClient::accessResource      | heap= 71128, largest= 23540 (33.1%)
[  389316] WeatherModule.c:138  | WeatherModule::queueData       | heap= 71208, largest= 23540 (33.1%)
[  389316] WebClientModule:346  | WebClient::accessResource      | heap= 70532, largest= 23540 (33.4%)
[  389316] ThemeParkModule:154  | ThemeParkModule::queueData     | heap= 71208, largest= 23540 (33.1%)
[  389318] TankerkoenigMod:240  | Tankerkoenig::processData      | heap= 71208, largest= 23540 (33.1%)
[  389318] DartsRankingMod:448  | DartsRankingModule::processData | heap= 71208, largest= 23540 (33.1%)
[  389318] SofaScoreLiveMo:821  | SofaScore::processData         | heap= 71208, largest= 23540 (33.1%)
[  389318] CalendarModule.:112  | CalendarModule::processData    | heap= 71208, largest= 23540 (33.1%)
[  389319] CuriousHolidays:368  | CuriousHolidaysModule::processD | heap= 71208, largest= 23540 (33.1%)
[  389319] WeatherModule.c:204  | WeatherModule::processData     | heap= 71208, largest= 23540 (33.1%)
[  389319] ThemeParkModule:304  | ThemeParkModule::processData   | heap= 71208, largest= 23540 (33.1%)
[  389330] TankerkoenigMod:222  | Tankerkoenig::queueData        | heap= 71208, largest= 23540 (33.1%)
[  389331] WebClientModule:346  | WebClient::accessResource      | heap= 70676, largest= 23540 (33.3%)
[  389331] DartsRankingMod:411  | DartsRankingModule::queueData  | heap= 71208, largest= 23540 (33.1%)
[  389331] WebClientModule:346  | WebClient::accessResource      | heap= 71160, largest= 23540 (33.1%)
[  389331] WebClientModule:346  | WebClient::accessResource      | heap= 71144, largest= 23540 (33.1%)
[  389332] SofaScoreLiveMo:646  | SofaScore::queueData           | heap= 71208, largest= 23540 (33.1%)
[  389332] WebClientModule:346  | WebClient::accessResource      | heap= 71128, largest= 23540 (33.1%)
[  389332] WebClientModule:346  | WebClient::accessResource      | heap= 71112, largest= 23540 (33.1%)
[  389333] CalendarModule.:94   | CalendarModule::queueData      | heap= 71208, largest= 23540 (33.1%)
[  389333] WebClientModule:346  | WebClient::accessResource      | heap= 71032, largest= 23540 (33.1%)
[  389333] CuriousHolidays:315  | CuriousHolidaysModule::queueDat | heap= 71208, largest= 23540 (33.1%)
[  389334] WebClientModule:346  | WebClient::accessResource      | heap= 71128, largest= 23540 (33.1%)
[  389334] WeatherModule.c:138  | WeatherModule::queueData       | heap= 71208, largest= 23540 (33.1%)
[  389334] WebClientModule:346  | WebClient::accessResource      | heap= 70532, largest= 23540 (33.4%)
[  389334] ThemeParkModule:154  | ThemeParkModule::queueData     | heap= 71208, largest= 23540 (33.1%)
[  389336] TankerkoenigMod:240  | Tankerkoenig::processData      | heap= 71208, largest= 23540 (33.1%)
[  389336] DartsRankingMod:448  | DartsRankingModule::processData | heap= 71208, largest= 23540 (33.1%)
[  389336] SofaScoreLiveMo:821  | SofaScore::processData         | heap= 71208, largest= 23540 (33.1%)
[  389336] CalendarModule.:112  | CalendarModule::processData    | heap= 71208, largest= 23540 (33.1%)
[  389337] CuriousHolidays:368  | CuriousHolidaysModule::processD | heap= 71208, largest= 23540 (33.1%)
[  389337] WeatherModule.c:204  | WeatherModule::processData     | heap= 71208, largest= 23540 (33.1%)
[  389337] ThemeParkModule:304  | ThemeParkModule::processData   | heap= 71208, largest= 23540 (33.1%)
