=== Heap Fragmentation Log ===
Date/Time: 2026-01-17 12:06:12
Timestamp: 148075 ms
Current Heap: free=76888, largestBlock=33780 (43.9%), freeBlocks=19
Baseline: largestBlock=233460 (set 146969 ms ago)
Degradation: 199680 bytes (85.5% loss from baseline)

=== Recent Operations (last 300) ===
[  147047] CalendarModule.:94   | CalendarModule::queueData      | heap= 29760, largest=  7668 (25.8%)
[  147047] WebClientModule:346  | WebClient::accessResource      | heap= 29584, largest=  7668 (25.9%)
[  147047] CuriousHolidays:315  | CuriousHolidaysModule::queueDat | heap= 29760, largest=  7668 (25.8%)
[  147048] WebClientModule:346  | WebClient::accessResource      | heap= 29820, largest=  7668 (25.7%)
[  147048] WeatherModule.c:138  | WeatherModule::queueData       | heap= 29972, largest=  7668 (25.6%)
[  147049] WebClientModule:346  | WebClient::accessResource      | heap= 29440, largest=  7668 (26.0%)
[  147049] ThemeParkModule:154  | ThemeParkModule::queueData     | heap= 30188, largest=  7668 (25.4%)
[  147051] TankerkoenigMod:240  | Tankerkoenig::processData      | heap= 31376, largest=  7924 (25.3%)
[  147052] DartsRankingMod:448  | DartsRankingModule::processData | heap= 31376, largest=  7924 (25.3%)
[  147052] SofaScoreLiveMo:821  | SofaScore::processData         | heap= 31376, largest=  7924 (25.3%)
[  147052] CalendarModule.:112  | CalendarModule::processData    | heap= 31376, largest=  7924 (25.3%)
[  147053] CuriousHolidays:368  | CuriousHolidaysModule::processD | heap= 31376, largest=  7924 (25.3%)
[  147053] WeatherModule.c:204  | WeatherModule::processData     | heap= 31376, largest=  7924 (25.3%)
[  147053] ThemeParkModule:304  | ThemeParkModule::processData   | heap= 31376, largest=  7924 (25.3%)
[  147111] TankerkoenigMod:222  | Tankerkoenig::queueData        | heap= 32076, largest=  9460 (29.5%)
[  147111] WebClientModule:346  | WebClient::accessResource      | heap= 31544, largest=  8948 (28.4%)
[  147111] DartsRankingMod:411  | DartsRankingModule::queueData  | heap= 32076, largest=  9460 (29.5%)
[  147112] WebClientModule:346  | WebClient::accessResource      | heap= 32028, largest=  9460 (29.5%)
[  147112] WebClientModule:346  | WebClient::accessResource      | heap= 32012, largest=  9460 (29.6%)
[  147112] SofaScoreLiveMo:646  | SofaScore::queueData           | heap= 32076, largest=  9460 (29.5%)
[  147113] WebClientModule:346  | WebClient::accessResource      | heap= 31996, largest=  9460 (29.6%)
[  147113] WebClientModule:346  | WebClient::accessResource      | heap= 31980, largest=  9460 (29.6%)
[  147114] CalendarModule.:94   | CalendarModule::queueData      | heap= 32076, largest=  9460 (29.5%)
[  147114] WebClientModule:346  | WebClient::accessResource      | heap= 31900, largest=  9204 (28.9%)
[  147114] CuriousHolidays:315  | CuriousHolidaysModule::queueDat | heap= 32076, largest=  9460 (29.5%)
[  147115] WebClientModule:346  | WebClient::accessResource      | heap= 31996, largest=  9460 (29.6%)
[  147115] WeatherModule.c:138  | WeatherModule::queueData       | heap= 32076, largest=  9460 (29.5%)
[  147116] WebClientModule:346  | WebClient::accessResource      | heap= 31400, largest=  8692 (27.7%)
[  147116] ThemeParkModule:154  | ThemeParkModule::queueData     | heap= 32076, largest=  9460 (29.5%)
[  147118] TankerkoenigMod:240  | Tankerkoenig::processData      | heap= 32076, largest=  9460 (29.5%)
[  147118] DartsRankingMod:448  | DartsRankingModule::processData | heap= 32076, largest=  9460 (29.5%)
[  147118] SofaScoreLiveMo:821  | SofaScore::processData         | heap= 32076, largest=  9460 (29.5%)
[  147119] CalendarModule.:112  | CalendarModule::processData    | heap= 32076, largest=  9460 (29.5%)
[  147119] CuriousHolidays:368  | CuriousHolidaysModule::processD | heap= 32076, largest=  9460 (29.5%)
[  147119] WeatherModule.c:204  | WeatherModule::processData     | heap= 32076, largest=  9460 (29.5%)
[  147119] ThemeParkModule:304  | ThemeParkModule::processData   | heap= 32076, largest=  9460 (29.5%)
[  147187] TankerkoenigMod:222  | Tankerkoenig::queueData        | heap= 31164, largest=  7668 (24.6%)
[  147187] WebClientModule:346  | WebClient::accessResource      | heap= 30624, largest=  7668 (25.0%)
[  147187] DartsRankingMod:411  | DartsRankingModule::queueData  | heap= 31164, largest=  7668 (24.6%)
[  147188] WebClientModule:346  | WebClient::accessResource      | heap= 31116, largest=  7668 (24.6%)
[  147188] WebClientModule:346  | WebClient::accessResource      | heap= 31092, largest=  7668 (24.7%)
[  147188] SofaScoreLiveMo:646  | SofaScore::queueData           | heap= 31164, largest=  7668 (24.6%)
[  147189] WebClientModule:346  | WebClient::accessResource      | heap= 31076, largest=  7668 (24.7%)
[  147189] WebClientModule:346  | WebClient::accessResource      | heap= 31068, largest=  7668 (24.7%)
[  147190] CalendarModule.:94   | CalendarModule::queueData      | heap= 31164, largest=  7668 (24.6%)
[  147190] WebClientModule:346  | WebClient::accessResource      | heap= 30988, largest=  7668 (24.7%)
[  147190] CuriousHolidays:315  | CuriousHolidaysModule::queueDat | heap= 31164, largest=  7668 (24.6%)
[  147191] WebClientModule:346  | WebClient::accessResource      | heap= 31028, largest=  7668 (24.7%)
[  147192] WeatherModule.c:138  | WeatherModule::queueData       | heap= 31116, largest=  7668 (24.6%)
[  147192] WebClientModule:346  | WebClient::accessResource      | heap= 30440, largest=  7668 (25.2%)
[  147193] ThemeParkModule:154  | ThemeParkModule::queueData     | heap= 31116, largest=  7668 (24.6%)
[  147194] TankerkoenigMod:240  | Tankerkoenig::processData      | heap= 31116, largest=  7668 (24.6%)
[  147195] DartsRankingMod:448  | DartsRankingModule::processData | heap= 31116, largest=  7668 (24.6%)
[  147195] SofaScoreLiveMo:821  | SofaScore::processData         | heap= 31164, largest=  7668 (24.6%)
[  147195] CalendarModule.:112  | CalendarModule::processData    | heap= 31164, largest=  7668 (24.6%)
[  147196] CuriousHolidays:368  | CuriousHolidaysModule::processD | heap= 31164, largest=  7668 (24.6%)
[  147196] WeatherModule.c:204  | WeatherModule::processData     | heap= 31164, largest=  7668 (24.6%)
[  147196] ThemeParkModule:304  | ThemeParkModule::processData   | heap= 31164, largest=  7668 (24.6%)
[  147251] TankerkoenigMod:222  | Tankerkoenig::queueData        | heap= 32768, largest= 10228 (31.2%)
[  147252] WebClientModule:346  | WebClient::accessResource      | heap= 32236, largest=  9716 (30.1%)
[  147252] DartsRankingMod:411  | DartsRankingModule::queueData  | heap= 32768, largest= 10228 (31.2%)
[  147252] WebClientModule:346  | WebClient::accessResource      | heap= 32720, largest= 10228 (31.3%)
[  147253] WebClientModule:346  | WebClient::accessResource      | heap= 32704, largest= 10228 (31.3%)
[  147253] SofaScoreLiveMo:646  | SofaScore::queueData           | heap= 32768, largest= 10228 (31.2%)
[  147253] WebClientModule:346  | WebClient::accessResource      | heap= 32688, largest= 10228 (31.3%)
[  147254] WebClientModule:346  | WebClient::accessResource      | heap= 32672, largest= 10228 (31.3%)
[  147255] CalendarModule.:94   | CalendarModule::queueData      | heap= 32768, largest= 10228 (31.2%)
[  147255] WebClientModule:346  | WebClient::accessResource      | heap= 32592, largest=  9972 (30.6%)
[  147255] CuriousHolidays:315  | CuriousHolidaysModule::queueDat | heap= 32768, largest= 10228 (31.2%)
[  147256] WebClientModule:346  | WebClient::accessResource      | heap= 32688, largest= 10228 (31.3%)
[  147256] WeatherModule.c:138  | WeatherModule::queueData       | heap= 32768, largest= 10228 (31.2%)
[  147256] WebClientModule:346  | WebClient::accessResource      | heap= 32092, largest=  9460 (29.5%)
[  147257] ThemeParkModule:154  | ThemeParkModule::queueData     | heap= 32768, largest= 10228 (31.2%)
[  147258] TankerkoenigMod:240  | Tankerkoenig::processData      | heap= 32768, largest= 10228 (31.2%)
[  147259] DartsRankingMod:448  | DartsRankingModule::processData | heap= 32768, largest= 10228 (31.2%)
[  147259] SofaScoreLiveMo:821  | SofaScore::processData         | heap= 32768, largest= 10228 (31.2%)
[  147259] CalendarModule.:112  | CalendarModule::processData    | heap= 32768, largest= 10228 (31.2%)
[  147260] CuriousHolidays:368  | CuriousHolidaysModule::processD | heap= 32768, largest= 10228 (31.2%)
[  147260] WeatherModule.c:204  | WeatherModule::processData     | heap= 32768, largest= 10228 (31.2%)
[  147260] ThemeParkModule:304  | ThemeParkModule::processData   | heap= 32768, largest= 10228 (31.2%)
[  147330] TankerkoenigMod:222  | Tankerkoenig::queueData        | heap= 32768, largest= 10228 (31.2%)
[  147330] WebClientModule:346  | WebClient::accessResource      | heap= 32236, largest=  9716 (30.1%)
[  147330] DartsRankingMod:411  | DartsRankingModule::queueData  | heap= 32768, largest= 10228 (31.2%)
[  147331] WebClientModule:346  | WebClient::accessResource      | heap= 32720, largest= 10228 (31.3%)
[  147331] WebClientModule:346  | WebClient::accessResource      | heap= 32704, largest= 10228 (31.3%)
[  147331] SofaScoreLiveMo:646  | SofaScore::queueData           | heap= 32768, largest= 10228 (31.2%)
[  147332] WebClientModule:346  | WebClient::accessResource      | heap= 32688, largest= 10228 (31.3%)
[  147332] WebClientModule:346  | WebClient::accessResource      | heap= 32672, largest= 10228 (31.3%)
[  147333] CalendarModule.:94   | CalendarModule::queueData      | heap= 32768, largest= 10228 (31.2%)
[  147333] WebClientModule:346  | WebClient::accessResource      | heap= 32592, largest=  9972 (30.6%)
[  147333] CuriousHolidays:315  | CuriousHolidaysModule::queueDat | heap= 32768, largest= 10228 (31.2%)
[  147334] WebClientModule:346  | WebClient::accessResource      | heap= 32688, largest= 10228 (31.3%)
[  147334] WeatherModule.c:138  | WeatherModule::queueData       | heap= 32768, largest= 10228 (31.2%)
[  147335] WebClientModule:346  | WebClient::accessResource      | heap= 32092, largest=  9460 (29.5%)
[  147335] ThemeParkModule:154  | ThemeParkModule::queueData     | heap= 32768, largest= 10228 (31.2%)
[  147337] TankerkoenigMod:240  | Tankerkoenig::processData      | heap= 32768, largest= 10228 (31.2%)
[  147337] DartsRankingMod:448  | DartsRankingModule::processData | heap= 32768, largest= 10228 (31.2%)
[  147337] SofaScoreLiveMo:821  | SofaScore::processData         | heap= 32768, largest= 10228 (31.2%)
[  147337] CalendarModule.:112  | CalendarModule::processData    | heap= 32768, largest= 10228 (31.2%)
[  147338] CuriousHolidays:368  | CuriousHolidaysModule::processD | heap= 32768, largest= 10228 (31.2%)
[  147338] WeatherModule.c:204  | WeatherModule::processData     | heap= 32768, largest= 10228 (31.2%)
[  147338] ThemeParkModule:304  | ThemeParkModule::processData   | heap= 32768, largest= 10228 (31.2%)
[  147394] TankerkoenigMod:222  | Tankerkoenig::queueData        | heap= 32572, largest=  9972 (30.6%)
[  147394] WebClientModule:346  | WebClient::accessResource      | heap= 32040, largest=  9460 (29.5%)
[  147394] DartsRankingMod:411  | DartsRankingModule::queueData  | heap= 32572, largest=  9972 (30.6%)
[  147395] WebClientModule:346  | WebClient::accessResource      | heap= 32524, largest=  9972 (30.7%)
[  147395] WebClientModule:346  | WebClient::accessResource      | heap= 32508, largest=  9716 (29.9%)
[  147395] SofaScoreLiveMo:646  | SofaScore::queueData           | heap= 32572, largest=  9972 (30.6%)
[  147396] WebClientModule:346  | WebClient::accessResource      | heap= 32492, largest=  9716 (29.9%)
[  147397] WebClientModule:346  | WebClient::accessResource      | heap= 32428, largest=  9716 (30.0%)
[  147397] CalendarModule.:94   | CalendarModule::queueData      | heap= 32524, largest=  9972 (30.7%)
[  147398] WebClientModule:346  | WebClient::accessResource      | heap= 32348, largest=  9716 (30.0%)
[  147398] CuriousHolidays:315  | CuriousHolidaysModule::queueDat | heap= 32524, largest=  9972 (30.7%)
[  147398] WebClientModule:346  | WebClient::accessResource      | heap= 32444, largest=  9716 (29.9%)
[  147399] WeatherModule.c:138  | WeatherModule::queueData       | heap= 32524, largest=  9972 (30.7%)
[  147399] WebClientModule:346  | WebClient::accessResource      | heap= 31848, largest=  9204 (28.9%)
[  147400] ThemeParkModule:154  | ThemeParkModule::queueData     | heap= 32572, largest=  9972 (30.6%)
[  147401] TankerkoenigMod:240  | Tankerkoenig::processData      | heap= 32572, largest=  9972 (30.6%)
[  147402] DartsRankingMod:448  | DartsRankingModule::processData | heap= 32572, largest=  9972 (30.6%)
[  147402] SofaScoreLiveMo:821  | SofaScore::processData         | heap= 32572, largest=  9972 (30.6%)
[  147402] CalendarModule.:112  | CalendarModule::processData    | heap= 32572, largest=  9972 (30.6%)
[  147403] CuriousHolidays:368  | CuriousHolidaysModule::processD | heap= 32572, largest=  9972 (30.6%)
[  147403] WeatherModule.c:204  | WeatherModule::processData     | heap= 32572, largest=  9972 (30.6%)
[  147403] ThemeParkModule:304  | ThemeParkModule::processData   | heap= 32572, largest=  9972 (30.6%)
[  147471] TankerkoenigMod:222  | Tankerkoenig::queueData        | heap= 32348, largest=  9204 (28.5%)
[  147472] WebClientModule:346  | WebClient::accessResource      | heap= 31816, largest=  8692 (27.3%)
[  147472] DartsRankingMod:411  | DartsRankingModule::queueData  | heap= 32348, largest=  9204 (28.5%)
[  147472] WebClientModule:346  | WebClient::accessResource      | heap= 32300, largest=  9204 (28.5%)
[  147473] WebClientModule:346  | WebClient::accessResource      | heap= 32284, largest=  9204 (28.5%)
[  147474] SofaScoreLiveMo:646  | SofaScore::queueData           | heap= 32348, largest=  9204 (28.5%)
[  147474] WebClientModule:346  | WebClient::accessResource      | heap= 32268, largest=  9204 (28.5%)
[  147474] WebClientModule:346  | WebClient::accessResource      | heap= 32252, largest=  9204 (28.5%)
[  147475] CalendarModule.:94   | CalendarModule::queueData      | heap= 32348, largest=  9204 (28.5%)
[  147475] WebClientModule:346  | WebClient::accessResource      | heap= 32172, largest=  9204 (28.6%)
[  147475] CuriousHolidays:315  | CuriousHolidaysModule::queueDat | heap= 32348, largest=  9204 (28.5%)
[  147476] WebClientModule:346  | WebClient::accessResource      | heap= 32268, largest=  9204 (28.5%)
[  147477] WeatherModule.c:138  | WeatherModule::queueData       | heap= 32348, largest=  9204 (28.5%)
[  147477] WebClientModule:346  | WebClient::accessResource      | heap= 31672, largest=  8692 (27.4%)
[  147478] ThemeParkModule:154  | ThemeParkModule::queueData     | heap= 32348, largest=  9204 (28.5%)
[  147479] TankerkoenigMod:240  | Tankerkoenig::processData      | heap= 32512, largest=  9204 (28.3%)
[  147480] DartsRankingMod:448  | DartsRankingModule::processData | heap= 33008, largest=  9204 (27.9%)
[  147480] SofaScoreLiveMo:821  | SofaScore::processData         | heap= 33972, largest=  9204 (27.1%)
[  147480] CalendarModule.:112  | CalendarModule::processData    | heap= 33972, largest=  9204 (27.1%)
[  147480] CuriousHolidays:368  | CuriousHolidaysModule::processD | heap= 33876, largest=  9204 (27.2%)
[  147481] WeatherModule.c:204  | WeatherModule::processData     | heap= 33824, largest=  9204 (27.2%)
[  147481] ThemeParkModule:304  | ThemeParkModule::processData   | heap= 33828, largest=  9204 (27.2%)
[  147533] TankerkoenigMod:222  | Tankerkoenig::queueData        | heap= 33972, largest=  9204 (27.1%)
[  147533] WebClientModule:346  | WebClient::accessResource      | heap= 33440, largest=  9204 (27.5%)
[  147533] DartsRankingMod:411  | DartsRankingModule::queueData  | heap= 33972, largest=  9204 (27.1%)
[  147533] WebClientModule:346  | WebClient::accessResource      | heap= 33924, largest=  9204 (27.1%)
[  147534] WebClientModule:346  | WebClient::accessResource      | heap= 33908, largest=  9204 (27.1%)
[  147534] SofaScoreLiveMo:646  | SofaScore::queueData           | heap= 33972, largest=  9204 (27.1%)
[  147534] WebClientModule:346  | WebClient::accessResource      | heap= 33892, largest=  9204 (27.2%)
[  147536] WebClientModule:346  | WebClient::accessResource      | heap= 33876, largest=  9204 (27.2%)
[  147536] CalendarModule.:94   | CalendarModule::queueData      | heap= 33972, largest=  9204 (27.1%)
[  147536] WebClientModule:346  | WebClient::accessResource      | heap= 33796, largest=  9204 (27.2%)
[  147536] CuriousHolidays:315  | CuriousHolidaysModule::queueDat | heap= 33972, largest=  9204 (27.1%)
[  147537] WebClientModule:346  | WebClient::accessResource      | heap= 33892, largest=  9204 (27.2%)
[  147537] WeatherModule.c:138  | WeatherModule::queueData       | heap= 33972, largest=  9204 (27.1%)
[  147537] WebClientModule:346  | WebClient::accessResource      | heap= 33296, largest=  9204 (27.6%)
[  147538] ThemeParkModule:154  | ThemeParkModule::queueData     | heap= 33972, largest=  9204 (27.1%)
[  147539] TankerkoenigMod:240  | Tankerkoenig::processData      | heap= 33972, largest=  9204 (27.1%)
[  147539] DartsRankingMod:448  | DartsRankingModule::processData | heap= 33972, largest=  9204 (27.1%)
[  147539] SofaScoreLiveMo:821  | SofaScore::processData         | heap= 33972, largest=  9204 (27.1%)
[  147541] CalendarModule.:112  | CalendarModule::processData    | heap= 33972, largest=  9204 (27.1%)
[  147541] CuriousHolidays:368  | CuriousHolidaysModule::processD | heap= 33764, largest=  9204 (27.3%)
[  147542] WeatherModule.c:204  | WeatherModule::processData     | heap= 33972, largest=  9204 (27.1%)
[  147542] ThemeParkModule:304  | ThemeParkModule::processData   | heap= 33972, largest=  9204 (27.1%)
[  147604] TankerkoenigMod:222  | Tankerkoenig::queueData        | heap= 33688, largest=  9204 (27.3%)
[  147604] WebClientModule:346  | WebClient::accessResource      | heap= 33156, largest=  9204 (27.8%)
[  147604] DartsRankingMod:411  | DartsRankingModule::queueData  | heap= 33688, largest=  9204 (27.3%)
[  147605] WebClientModule:346  | WebClient::accessResource      | heap= 33688, largest=  9204 (27.3%)
[  147605] WebClientModule:346  | WebClient::accessResource      | heap= 33672, largest=  9204 (27.3%)
[  147605] SofaScoreLiveMo:646  | SofaScore::queueData           | heap= 33736, largest=  9204 (27.3%)
[  147605] WebClientModule:346  | WebClient::accessResource      | heap= 33656, largest=  9204 (27.3%)
[  147606] WebClientModule:346  | WebClient::accessResource      | heap= 33640, largest=  9204 (27.4%)
[  147606] CalendarModule.:94   | CalendarModule::queueData      | heap= 33736, largest=  9204 (27.3%)
[  147606] WebClientModule:346  | WebClient::accessResource      | heap= 33560, largest=  9204 (27.4%)
[  147607] CuriousHolidays:315  | CuriousHolidaysModule::queueDat | heap= 33736, largest=  9204 (27.3%)
[  147607] WebClientModule:346  | WebClient::accessResource      | heap= 33656, largest=  9204 (27.3%)
[  147607] WeatherModule.c:138  | WeatherModule::queueData       | heap= 33736, largest=  9204 (27.3%)
[  147608] WebClientModule:346  | WebClient::accessResource      | heap= 33060, largest=  9204 (27.8%)
[  147608] ThemeParkModule:154  | ThemeParkModule::queueData     | heap= 33736, largest=  9204 (27.3%)
[  147609] TankerkoenigMod:240  | Tankerkoenig::processData      | heap= 33736, largest=  9204 (27.3%)
[  147610] DartsRankingMod:448  | DartsRankingModule::processData | heap= 33736, largest=  9204 (27.3%)
[  147610] SofaScoreLiveMo:821  | SofaScore::processData         | heap= 33736, largest=  9204 (27.3%)
[  147610] CalendarModule.:112  | CalendarModule::processData    | heap= 33736, largest=  9204 (27.3%)
[  147610] CuriousHolidays:368  | CuriousHolidaysModule::processD | heap= 33736, largest=  9204 (27.3%)
[  147611] WeatherModule.c:204  | WeatherModule::processData     | heap= 33736, largest=  9204 (27.3%)
[  147611] ThemeParkModule:304  | ThemeParkModule::processData   | heap= 33736, largest=  9204 (27.3%)
[  147659] TankerkoenigMod:222  | Tankerkoenig::queueData        | heap= 77604, largest= 33780 (43.5%)
[  147660] WebClientModule:346  | WebClient::accessResource      | heap= 77072, largest= 33780 (43.8%)
[  147660] DartsRankingMod:411  | DartsRankingModule::queueData  | heap= 77604, largest= 33780 (43.5%)
[  147660] WebClientModule:346  | WebClient::accessResource      | heap= 77556, largest= 33780 (43.6%)
[  147660] WebClientModule:346  | WebClient::accessResource      | heap= 77540, largest= 33780 (43.6%)
[  147661] SofaScoreLiveMo:646  | SofaScore::queueData           | heap= 77604, largest= 33780 (43.5%)
[  147661] WebClientModule:346  | WebClient::accessResource      | heap= 77524, largest= 33780 (43.6%)
[  147661] WebClientModule:346  | WebClient::accessResource      | heap= 77508, largest= 33780 (43.6%)
[  147662] CalendarModule.:94   | CalendarModule::queueData      | heap= 77604, largest= 33780 (43.5%)
[  147662] WebClientModule:346  | WebClient::accessResource      | heap= 77428, largest= 33780 (43.6%)
[  147662] CuriousHolidays:315  | CuriousHolidaysModule::queueDat | heap= 77604, largest= 33780 (43.5%)
[  147663] WebClientModule:346  | WebClient::accessResource      | heap= 77524, largest= 33780 (43.6%)
[  147663] WeatherModule.c:138  | WeatherModule::queueData       | heap= 77604, largest= 33780 (43.5%)
[  147663] WebClientModule:346  | WebClient::accessResource      | heap= 76928, largest= 33780 (43.9%)
[  147664] ThemeParkModule:154  | ThemeParkModule::queueData     | heap= 77604, largest= 33780 (43.5%)
[  147677] TankerkoenigMod:240  | Tankerkoenig::processData      | heap= 77860, largest= 33780 (43.4%)
[  147677] DartsRankingMod:448  | DartsRankingModule::processData | heap= 77860, largest= 33780 (43.4%)
[  147677] SofaScoreLiveMo:821  | SofaScore::processData         | heap= 77860, largest= 33780 (43.4%)
[  147678] CalendarModule.:112  | CalendarModule::processData    | heap= 77860, largest= 33780 (43.4%)
[  147678] CuriousHolidays:368  | CuriousHolidaysModule::processD | heap= 77860, largest= 33780 (43.4%)
[  147678] WeatherModule.c:204  | WeatherModule::processData     | heap= 77860, largest= 33780 (43.4%)
[  147678] ThemeParkModule:304  | ThemeParkModule::processData   | heap= 77860, largest= 33780 (43.4%)
[  147740] TankerkoenigMod:222  | Tankerkoenig::queueData        | heap= 77860, largest= 33780 (43.4%)
[  147740] WebClientModule:346  | WebClient::accessResource      | heap= 77328, largest= 33780 (43.7%)
[  147740] DartsRankingMod:411  | DartsRankingModule::queueData  | heap= 77860, largest= 33780 (43.4%)
[  147740] WebClientModule:346  | WebClient::accessResource      | heap= 77812, largest= 33780 (43.4%)
[  147741] WebClientModule:346  | WebClient::accessResource      | heap= 77796, largest= 33780 (43.4%)
[  147741] SofaScoreLiveMo:646  | SofaScore::queueData           | heap= 77860, largest= 33780 (43.4%)
[  147741] WebClientModule:346  | WebClient::accessResource      | heap= 77780, largest= 33780 (43.4%)
[  147742] WebClientModule:346  | WebClient::accessResource      | heap= 77764, largest= 33780 (43.4%)
[  147742] CalendarModule.:94   | CalendarModule::queueData      | heap= 77860, largest= 33780 (43.4%)
[  147742] WebClientModule:346  | WebClient::accessResource      | heap= 77684, largest= 33780 (43.5%)
[  147742] CuriousHolidays:315  | CuriousHolidaysModule::queueDat | heap= 77860, largest= 33780 (43.4%)
[  147743] WebClientModule:346  | WebClient::accessResource      | heap= 77780, largest= 33780 (43.4%)
[  147743] WeatherModule.c:138  | WeatherModule::queueData       | heap= 77860, largest= 33780 (43.4%)
[  147743] WebClientModule:346  | WebClient::accessResource      | heap= 77184, largest= 33780 (43.8%)
[  147744] ThemeParkModule:154  | ThemeParkModule::queueData     | heap= 77860, largest= 33780 (43.4%)
[  147745] TankerkoenigMod:240  | Tankerkoenig::processData      | heap= 77860, largest= 33780 (43.4%)
[  147745] DartsRankingMod:448  | DartsRankingModule::processData | heap= 77860, largest= 33780 (43.4%)
[  147746] SofaScoreLiveMo:821  | SofaScore::processData         | heap= 77860, largest= 33780 (43.4%)
[  147746] CalendarModule.:112  | CalendarModule::processData    | heap= 77860, largest= 33780 (43.4%)
[  147746] CuriousHolidays:368  | CuriousHolidaysModule::processD | heap= 77860, largest= 33780 (43.4%)
[  147746] WeatherModule.c:204  | WeatherModule::processData     | heap= 77860, largest= 33780 (43.4%)
[  147746] ThemeParkModule:304  | ThemeParkModule::processData   | heap= 77860, largest= 33780 (43.4%)
[  147795] TankerkoenigMod:222  | Tankerkoenig::queueData        | heap= 77908, largest= 33780 (43.4%)
[  147796] WebClientModule:346  | WebClient::accessResource      | heap= 77376, largest= 33780 (43.7%)
[  147796] DartsRankingMod:411  | DartsRankingModule::queueData  | heap= 77908, largest= 33780 (43.4%)
[  147796] WebClientModule:346  | WebClient::accessResource      | heap= 77860, largest= 33780 (43.4%)
[  147796] WebClientModule:346  | WebClient::accessResource      | heap= 77844, largest= 33780 (43.4%)
[  147797] SofaScoreLiveMo:646  | SofaScore::queueData           | heap= 77908, largest= 33780 (43.4%)
[  147797] WebClientModule:346  | WebClient::accessResource      | heap= 77828, largest= 33780 (43.4%)
[  147798] WebClientModule:346  | WebClient::accessResource      | heap= 77812, largest= 33780 (43.4%)
[  147798] CalendarModule.:94   | CalendarModule::queueData      | heap= 77908, largest= 33780 (43.4%)
[  147798] WebClientModule:346  | WebClient::accessResource      | heap= 77732, largest= 33780 (43.5%)
[  147798] CuriousHolidays:315  | CuriousHolidaysModule::queueDat | heap= 77908, largest= 33780 (43.4%)
[  147799] WebClientModule:346  | WebClient::accessResource      | heap= 77828, largest= 33780 (43.4%)
[  147799] WeatherModule.c:138  | WeatherModule::queueData       | heap= 77908, largest= 33780 (43.4%)
[  147799] WebClientModule:346  | WebClient::accessResource      | heap= 77232, largest= 33780 (43.7%)
[  147800] ThemeParkModule:154  | ThemeParkModule::queueData     | heap= 77908, largest= 33780 (43.4%)
[  147801] TankerkoenigMod:240  | Tankerkoenig::processData      | heap= 77908, largest= 33780 (43.4%)
[  147801] DartsRankingMod:448  | DartsRankingModule::processData | heap= 77908, largest= 33780 (43.4%)
[  147801] SofaScoreLiveMo:821  | SofaScore::processData         | heap= 77908, largest= 33780 (43.4%)
[  147802] CalendarModule.:112  | CalendarModule::processData    | heap= 77908, largest= 33780 (43.4%)
[  147802] CuriousHolidays:368  | CuriousHolidaysModule::processD | heap= 77908, largest= 33780 (43.4%)
[  147802] WeatherModule.c:204  | WeatherModule::processData     | heap= 77908, largest= 33780 (43.4%)
[  147802] ThemeParkModule:304  | ThemeParkModule::processData   | heap= 77908, largest= 33780 (43.4%)
[  147863] TankerkoenigMod:222  | Tankerkoenig::queueData        | heap= 77908, largest= 33780 (43.4%)
[  147863] WebClientModule:346  | WebClient::accessResource      | heap= 77376, largest= 33780 (43.7%)
[  147863] DartsRankingMod:411  | DartsRankingModule::queueData  | heap= 77908, largest= 33780 (43.4%)
[  147863] WebClientModule:346  | WebClient::accessResource      | heap= 77860, largest= 33780 (43.4%)
[  147864] WebClientModule:346  | WebClient::accessResource      | heap= 77844, largest= 33780 (43.4%)
[  147864] SofaScoreLiveMo:646  | SofaScore::queueData           | heap= 77908, largest= 33780 (43.4%)
[  147864] WebClientModule:346  | WebClient::accessResource      | heap= 77828, largest= 33780 (43.4%)
[  147865] WebClientModule:346  | WebClient::accessResource      | heap= 77812, largest= 33780 (43.4%)
[  147865] CalendarModule.:94   | CalendarModule::queueData      | heap= 77908, largest= 33780 (43.4%)
[  147865] WebClientModule:346  | WebClient::accessResource      | heap= 77732, largest= 33780 (43.5%)
[  147865] CuriousHolidays:315  | CuriousHolidaysModule::queueDat | heap= 77908, largest= 33780 (43.4%)
[  147866] WebClientModule:346  | WebClient::accessResource      | heap= 77828, largest= 33780 (43.4%)
[  147866] WeatherModule.c:138  | WeatherModule::queueData       | heap= 77908, largest= 33780 (43.4%)
[  147866] WebClientModule:346  | WebClient::accessResource      | heap= 77232, largest= 33780 (43.7%)
[  147867] ThemeParkModule:154  | ThemeParkModule::queueData     | heap= 77908, largest= 33780 (43.4%)
[  147868] TankerkoenigMod:240  | Tankerkoenig::processData      | heap= 77908, largest= 33780 (43.4%)
[  147868] DartsRankingMod:448  | DartsRankingModule::processData | heap= 77908, largest= 33780 (43.4%)
[  147868] SofaScoreLiveMo:821  | SofaScore::processData         | heap= 77908, largest= 33780 (43.4%)
[  147869] CalendarModule.:112  | CalendarModule::processData    | heap= 77908, largest= 33780 (43.4%)
[  147869] CuriousHolidays:368  | CuriousHolidaysModule::processD | heap= 77908, largest= 33780 (43.4%)
[  147869] WeatherModule.c:204  | WeatherModule::processData     | heap= 77908, largest= 33780 (43.4%)
[  147869] ThemeParkModule:304  | ThemeParkModule::processData   | heap= 77908, largest= 33780 (43.4%)
[  147918] TankerkoenigMod:222  | Tankerkoenig::queueData        | heap= 77860, largest= 33780 (43.4%)
[  147918] WebClientModule:346  | WebClient::accessResource      | heap= 77328, largest= 33780 (43.7%)
[  147918] DartsRankingMod:411  | DartsRankingModule::queueData  | heap= 77860, largest= 33780 (43.4%)
[  147918] WebClientModule:346  | WebClient::accessResource      | heap= 77812, largest= 33780 (43.4%)
[  147919] WebClientModule:346  | WebClient::accessResource      | heap= 77796, largest= 33780 (43.4%)
[  147919] SofaScoreLiveMo:646  | SofaScore::queueData           | heap= 77860, largest= 33780 (43.4%)
[  147919] WebClientModule:346  | WebClient::accessResource      | heap= 77780, largest= 33780 (43.4%)
[  147920] WebClientModule:346  | WebClient::accessResource      | heap= 77764, largest= 33780 (43.4%)
[  147920] CalendarModule.:94   | CalendarModule::queueData      | heap= 77860, largest= 33780 (43.4%)
[  147920] WebClientModule:346  | WebClient::accessResource      | heap= 77684, largest= 33780 (43.5%)
[  147920] CuriousHolidays:315  | CuriousHolidaysModule::queueDat | heap= 77860, largest= 33780 (43.4%)
[  147921] WebClientModule:346  | WebClient::accessResource      | heap= 77780, largest= 33780 (43.4%)
[  147921] WeatherModule.c:138  | WeatherModule::queueData       | heap= 77860, largest= 33780 (43.4%)
[  147921] WebClientModule:346  | WebClient::accessResource      | heap= 77184, largest= 33780 (43.8%)
[  147922] ThemeParkModule:154  | ThemeParkModule::queueData     | heap= 77860, largest= 33780 (43.4%)
[  147923] TankerkoenigMod:240  | Tankerkoenig::processData      | heap= 77860, largest= 33780 (43.4%)
[  147923] DartsRankingMod:448  | DartsRankingModule::processData | heap= 77860, largest= 33780 (43.4%)
[  147923] SofaScoreLiveMo:821  | SofaScore::processData         | heap= 77860, largest= 33780 (43.4%)
[  147924] CalendarModule.:112  | CalendarModule::processData    | heap= 77860, largest= 33780 (43.4%)
[  147924] CuriousHolidays:368  | CuriousHolidaysModule::processD | heap= 77860, largest= 33780 (43.4%)
[  147924] WeatherModule.c:204  | WeatherModule::processData     | heap= 77860, largest= 33780 (43.4%)
[  147924] ThemeParkModule:304  | ThemeParkModule::processData   | heap= 77860, largest= 33780 (43.4%)
